2025-08-23 15:19:10.842 [info] [main] Log level: Info
2025-08-23 15:19:10.845 [info] [main] Validating found git in: "git"
2025-08-23 15:19:10.845 [info] [main] Using git "2.43.0" from "git"
2025-08-23 15:19:10.845 [info] [Model][doInitialScan] Initial repository scan started
2025-08-23 15:19:10.845 [info] > git rev-parse --show-toplevel [97ms]
2025-08-23 15:19:10.845 [info] > git rev-parse --git-dir --git-common-dir [55ms]
2025-08-23 15:19:10.845 [info] [Model][openRepository] Opened repository (path): /home/bankstartup2025
2025-08-23 15:19:10.845 [info] [Model][openRepository] Opened repository (real path): /home/bankstartup2025
2025-08-23 15:19:10.872 [info] > git config --get commit.template [67ms]
2025-08-23 15:19:10.907 [info] [Git][getRemotes] No remotes found in the git config file
2025-08-23 15:19:10.941 [info] > git for-each-ref --format=%(refname)%00%(upstream:short)%00%(objectname)%00%(upstream:track)%00%(upstream:remotename)%00%(upstream:remoteref) refs/heads/main refs/remotes/main [39ms]
2025-08-23 15:19:10.942 [warning] [Git][getBranch] No such branch: main
2025-08-23 15:19:11.000 [info] > git for-each-ref --sort -committerdate --format %(refname)%00%(objectname)%00%(*objectname) [21ms]
2025-08-23 15:19:11.073 [info] > git rev-parse --show-toplevel [37ms]
2025-08-23 15:19:11.101 [info] > git rev-parse --show-toplevel [7ms]
2025-08-23 15:19:11.184 [info] > git rev-parse --show-toplevel [29ms]
2025-08-23 15:19:11.248 [info] > git rev-parse --show-toplevel [26ms]
2025-08-23 15:19:11.273 [info] > git rev-parse --show-toplevel [5ms]
2025-08-23 15:19:11.297 [info] > git rev-parse --show-toplevel [4ms]
2025-08-23 15:19:11.332 [info] > git rev-parse --show-toplevel [9ms]
2025-08-23 15:19:11.364 [info] > git rev-parse --show-toplevel [19ms]
2025-08-23 15:19:18.479 [info] > git check-ignore -v -z --stdin [7077ms]
2025-08-23 15:19:18.482 [info] > git rev-parse --show-toplevel [7061ms]
2025-08-23 15:19:18.505 [info] > git rev-parse --show-toplevel [6ms]
2025-08-23 15:19:18.534 [info] > git rev-parse --show-toplevel [17ms]
2025-08-23 15:19:18.561 [info] > git status -z -uall [7602ms] (cancelled)
2025-08-23 15:19:18.561 [info] > git rev-parse --show-toplevel [13ms]
2025-08-23 15:19:18.562 [info] [Model][doInitialScan] Initial repository scan completed - repositories (1), closed repositories (0), parent repositories (0), unsafe repositories (0)
2025-08-23 15:19:18.569 [info] > git check-ignore -v -z --stdin [12ms]
2025-08-23 15:19:22.752 [info] > git for-each-ref --format=%(refname)%00%(upstream:short)%00%(objectname)%00%(upstream:track)%00%(upstream:remotename)%00%(upstream:remoteref) refs/heads/main refs/remotes/main [3928ms]
2025-08-23 15:19:22.752 [warning] [Git][getBranch] No such branch: main
2025-08-23 15:19:22.755 [error] [GitHistoryProvider][resolveHEADMergeBase] Failed to resolve merge base for main: Error: No such branch: main.
2025-08-23 15:19:22.956 [info] > git config --get commit.template [997ms]
2025-08-23 15:19:23.038 [info] [Git][getRemotes] No remotes found in the git config file
2025-08-23 15:19:23.074 [info] > git for-each-ref --format=%(refname)%00%(upstream:short)%00%(objectname)%00%(upstream:track)%00%(upstream:remotename)%00%(upstream:remoteref) refs/heads/main refs/remotes/main [36ms]
2025-08-23 15:19:23.074 [warning] [Git][getBranch] No such branch: main
2025-08-23 15:19:23.174 [info] > git for-each-ref --sort -committerdate --format %(refname)%00%(objectname)%00%(*objectname) [63ms]
2025-08-23 15:19:24.008 [info] > git status -z -uall [920ms] (cancelled)
2025-08-23 15:19:24.040 [info] > git check-ignore -v -z --stdin [37ms]
2025-08-23 15:19:36.215 [info] > git config --get --local branch.main.github-pr-owner-number [12ms]
2025-08-23 15:19:36.215 [warning] [Git][config] git config failed: Failed to execute git
2025-08-23 15:19:36.254 [info] > git config --get --local branch.main.remote [7ms]
2025-08-23 15:19:36.254 [warning] [Git][config] git config failed: Failed to execute git
2025-08-23 15:19:36.329 [info] > git config --get --local branch.main.merge [43ms]
2025-08-23 15:19:36.329 [warning] [Git][config] git config failed: Failed to execute git
