[1757138363230] INFO  (ext): SQLTools is starting
[1757138363232] INFO  (ext): initializing language client...
[1757138363245] INFO  (ext): Registering client for languages [{"scheme":"sqltools"},{"language":"sql","scheme":"untitled"},{"language":"sql","scheme":"file"},{"language":"sql","scheme":"sqltools"}]
    ns: "lc"
[1757138363253] INFO  (ext): loading plugins...
[1757138363253] INFO  (ext): registering Formatter Plugin.
    plugin: {
      "name": "Formatter Plugin"
    }
[1757138363254] INFO  (ext): registering Connection Manager Plugin.
    plugin: {
      "name": "Connection Manager Plugin"
    }
[1757138363254] INFO  (ext): registering CodeLens Plugin.
    plugin: {
      "name": "CodeLens Plugin",
      "registeredLanguages": []
    }
[1757138363256] INFO  (ext): registering Dependency Manager Plugin.
    plugin: {
      "name": "Dependency Manager Plugin",
      "installingDrivers": []
    }
[1757138363257] INFO  (ext): Connection explorer changed. Will be updated.
    ns: "conn-man:explorer"
[1757138363258] INFO  (ext): registering History Manager Plugin.
    plugin: {
      "name": "History Manager Plugin"
    }
[1757138363258] INFO  (ext): registering Bookmarks Manager Plugin.
    plugin: {
      "name": "Bookmarks Manager Plugin"
    }
[1757138363260] INFO  (ext): registering Authentication Provider Plugin.
    plugin: {
      "name": "Authentication Provider Plugin",
      "isRegistered": false
    }
[1757138363260] INFO  (ext): registering Object Drop-in Provider (plugin).
    plugin: {
      "type": "plugin",
      "name": "Object Drop-in Provider",
      "isRegistered": false
    }
[1757138363261] INFO  (ext): SQLTools activation completed. 30.722614 ms
[1757138363268] INFO  (ext): Formatter Plugin registered!
[1757138363268] INFO  (ext): CodeLens Plugin registered!
[1757138363268] INFO  (ext): Dependency Manager Plugin registered!
[1757138363269] INFO  (ext): Connection Manager Plugin registered!
[1757138363269] INFO  (ext): History Manager Plugin registered!
[1757138363269] INFO  (ext): Bookmarks Manager Plugin registered!
[1757138363269] INFO  (ext): Authentication Provider Plugin registered!
[1757138363269] INFO  (ext): Object Drop-in Provider (plugin) registered!
[1757138363419] INFO  (ls): SQLTools Server started!
===============================
Using node runtime?: no
ExecPath: /google/devshell/editor/code-oss-for-cloud-shell/node 
===============================
[1757138363433] INFO  (ext): LanguageClient ready
    ns: "lc"
[1757138363430] INFO  (ls): Initialized with node version:v20.19.0
[1757138363525] INFO  (ext): registering Google Cloud Spanner Driver Plugin (driver).
    plugin: {
      "extensionId": "google-cloud-spanner-ecosystem.google-cloud-spanner-driver",
      "name": "Google Cloud Spanner Driver Plugin",
      "type": "driver"
    }
[1757138363527] INFO  (ls): REQUEST RECEIVED => ls/RegisterPlugin
[1757138363527] INFO  (ls): request to register plugin: "/home/bankstartup2025/.codeoss/extensions/google-cloud-spanner-ecosystem.google-cloud-spanner-driver-0.4.1-universal/out/ls/plugin.js"
[1757138363530] ERROR (ls): Error registering plugin: {"code":"MODULE_NOT_FOUND","requireStack":["/home/bankstartup2025/.codeoss/extensions/google-cloud-spanner-ecosystem.google-cloud-spanner-driver-0.4.1-universal/out/ls/driver.js","/home/bankstartup2025/.codeoss/extensions/google-cloud-spanner-ecosystem.google-cloud-spanner-driver-0.4.1-universal/out/ls/plugin.js","/home/bankstartup2025/.codeoss/extensions/mtxr.sqltools-0.28.5-universal/dist/languageserver.js"]}
    error: {
      "code": "MODULE_NOT_FOUND",
      "requireStack": [
        "/home/bankstartup2025/.codeoss/extensions/google-cloud-spanner-ecosystem.google-cloud-spanner-driver-0.4.1-universal/out/ls/driver.js",
        "/home/bankstartup2025/.codeoss/extensions/google-cloud-spanner-ecosystem.google-cloud-spanner-driver-0.4.1-universal/out/ls/plugin.js",
        "/home/bankstartup2025/.codeoss/extensions/mtxr.sqltools-0.28.5-universal/dist/languageserver.js"
      ]
    }
[1757138363536] ERROR (ext): ERROR: Error loading plugin Google Cloud Spanner Driver Plugin Request ls/RegisterPlugin failed with message: Cannot find module '@sqltools/base-driver'
Require stack:
- /home/bankstartup2025/.codeoss/extensions/google-cloud-spanner-ecosystem.google-cloud-spanner-driver-0.4.1-universal/out/ls/driver.js
- /home/bankstartup2025/.codeoss/extensions/google-cloud-spanner-ecosystem.google-cloud-spanner-driver-0.4.1-universal/out/ls/plugin.js
- /home/bankstartup2025/.codeoss/extensions/mtxr.sqltools-0.28.5-universal/dist/languageserver.js, {"code":-32603}
    ns: "error-handler"
[1757138363633] INFO  (ext): Connection explorer changed. Will be updated.
    ns: "conn-man:explorer"
[1757138366404] INFO  (ext): EXECUTING COMMAND => sqltools.refreshTree
[1757138366404] INFO  (ext): Connection explorer changed. Will be updated.
    ns: "conn-man:explorer"
[1757138366405] INFO  (ext): Connection explorer changed. Will be updated.
    ns: "conn-man:explorer"
[1757138366410] INFO  (ext): EXECUTING COMMAND => sqltools.showOutputChannel
[1757138398027] INFO  (ext): Connection explorer changed. Will be updated.
    ns: "conn-man:explorer"
