[1755962375737] INFO  (ext): SQLTools is starting
[1755962375740] INFO  (ext): initializing language client...
[1755962375775] INFO  (ext): Registering client for languages [{"scheme":"sqltools"},{"language":"sql","scheme":"untitled"},{"language":"sql","scheme":"file"},{"language":"sql","scheme":"sqltools"}]
    ns: "lc"
[1755962375838] INFO  (ext): loading plugins...
[1755962375838] INFO  (ext): registering Formatter Plugin.
    plugin: {
      "name": "Formatter Plugin"
    }
[1755962375839] INFO  (ext): registering Connection Manager Plugin.
    plugin: {
      "name": "Connection Manager Plugin"
    }
[1755962375840] INFO  (ext): registering CodeLens Plugin.
    plugin: {
      "name": "CodeLens Plugin",
      "registeredLanguages": []
    }
[1755962375845] INFO  (ext): registering Dependency Manager Plugin.
    plugin: {
      "name": "Dependency Manager Plugin",
      "installingDrivers": []
    }
[1755962375855] INFO  (ext): Connection explorer changed. Will be updated.
    ns: "conn-man:explorer"
[1755962375856] INFO  (ext): registering History Manager Plugin.
    plugin: {
      "name": "History Manager Plugin"
    }
[1755962375857] INFO  (ext): registering Bookmarks Manager Plugin.
    plugin: {
      "name": "Bookmarks Manager Plugin"
    }
[1755962375865] INFO  (ext): registering Authentication Provider Plugin.
    plugin: {
      "name": "Authentication Provider Plugin",
      "isRegistered": false
    }
[1755962375866] INFO  (ext): registering Object Drop-in Provider (plugin).
    plugin: {
      "type": "plugin",
      "name": "Object Drop-in Provider",
      "isRegistered": false
    }
[1755962375871] INFO  (ext): SQLTools activation completed. 130.316047 ms
[1755962375873] INFO  (ext): Formatter Plugin registered!
[1755962375873] INFO  (ext): CodeLens Plugin registered!
[1755962375873] INFO  (ext): Dependency Manager Plugin registered!
[1755962375877] INFO  (ext): Connection Manager Plugin registered!
[1755962375877] INFO  (ext): History Manager Plugin registered!
[1755962375877] INFO  (ext): Bookmarks Manager Plugin registered!
[1755962375877] INFO  (ext): Authentication Provider Plugin registered!
[1755962375877] INFO  (ext): Object Drop-in Provider (plugin) registered!
[1755962376336] INFO  (ext): registering Google Cloud Spanner Driver Plugin (driver).
    plugin: {
      "extensionId": "google-cloud-spanner-ecosystem.google-cloud-spanner-driver",
      "name": "Google Cloud Spanner Driver Plugin",
      "type": "driver"
    }
[1755962376355] INFO  (ext): Connection explorer changed. Will be updated.
    ns: "conn-man:explorer"
[1755962376445] INFO  (ls): SQLTools Server started!
===============================
Using node runtime?: no
ExecPath: /google/devshell/editor/code-oss-for-cloud-shell/node 
===============================
[1755962376560] INFO  (ext): LanguageClient ready
    ns: "lc"
[1755962376531] INFO  (ls): Initialized with node version:v20.19.0
[1755962376566] INFO  (ls): REQUEST RECEIVED => ls/RegisterPlugin
[1755962376567] INFO  (ls): request to register plugin: "/home/bankstartup2025/.codeoss/extensions/google-cloud-spanner-ecosystem.google-cloud-spanner-driver-0.4.1-universal/out/ls/plugin.js"
[1755962377316] INFO  (ext): Connection explorer changed. Will be updated.
    ns: "conn-man:explorer"
[1755962377377] INFO  (ext): EXECUTING COMMAND => sqltools.refreshTree
[1755962377377] INFO  (ext): Connection explorer changed. Will be updated.
    ns: "conn-man:explorer"
[1755962377589] INFO  (ls): Driver google cloud spanner driver registered!
    place: "driver-map"
    ns: "ls-context"
[1755962377613] INFO  (ext): Google Cloud Spanner Driver Plugin (driver) registered!
[1755962386281] INFO  (ext): Connection explorer changed. Will be updated.
    ns: "conn-man:explorer"
[1755962386283] INFO  (ext): EXECUTING COMMAND => sqltools.refreshTree
[1755962386283] INFO  (ext): Connection explorer changed. Will be updated.
    ns: "conn-man:explorer"
[1755962395529] INFO  (ext): Connection explorer changed. Will be updated.
    ns: "conn-man:explorer"
[1755962396840] INFO  (ext): Connection explorer changed. Will be updated.
    ns: "conn-man:explorer"
[1755962421527] INFO  (ext): Connection explorer changed. Will be updated.
    ns: "conn-man:explorer"
[1755964791924] INFO  (ext): Connection explorer changed. Will be updated.
    ns: "conn-man:explorer"
[1755964798568] INFO  (ext): Connection explorer changed. Will be updated.
    ns: "conn-man:explorer"
[1755964823510] INFO  (ext): Connection explorer changed. Will be updated.
    ns: "conn-man:explorer"
