2025-08-23 16:09:09.891 [info] Reading sessions from keychain...
2025-08-23 16:09:09.891 [info] Getting sessions for all scopes...
2025-08-23 16:09:09.891 [info] Got 0 sessions for ...
2025-08-23 16:09:09.891 [info] Getting sessions for read:user,repo,user:email...
2025-08-23 16:09:09.891 [info] Got 0 sessions for read:user,repo,user:email...
2025-08-23 16:09:09.891 [info] Getting sessions for project,read:org,read:user,repo,user:email,workflow...
2025-08-23 16:09:09.891 [info] Got 0 sessions for project,read:org,read:user,repo,user:email,workflow...
2025-08-23 16:09:13.238 [info] Getting sessions for read:user,repo,user:email...
2025-08-23 16:09:13.238 [info] Got 0 sessions for read:user,repo,user:email...
2025-08-23 16:09:13.315 [info] Getting sessions for read:user,repo,user:email,workflow...
2025-08-23 16:09:13.315 [info] Got 0 sessions for read:user,repo,user:email,workflow...
2025-08-23 16:09:13.530 [info] Getting sessions for read:user,repo,user:email...
2025-08-23 16:09:13.530 [info] Got 0 sessions for read:user,repo,user:email...
2025-08-23 16:09:13.741 [info] Getting sessions for read:user,repo,user:email,workflow...
2025-08-23 16:09:13.741 [info] Got 0 sessions for read:user,repo,user:email,workflow...
2025-08-23 16:09:28.847 [info] Getting sessions for read:user,repo,user:email...
2025-08-23 16:09:28.847 [info] Got 0 sessions for read:user,repo,user:email...
2025-08-23 16:24:18.238 [info] Getting sessions for project,read:org,read:user,repo,user:email,workflow...
2025-08-23 16:24:18.238 [info] Got 0 sessions for project,read:org,read:user,repo,user:email,workflow...
2025-08-23 16:24:18.438 [info] Getting sessions for read:user,repo,user:email,workflow...
2025-08-23 16:24:18.438 [info] Got 0 sessions for read:user,repo,user:email,workflow...
2025-08-23 16:24:18.632 [info] Getting sessions for read:user,repo,user:email...
2025-08-23 16:24:18.632 [info] Got 0 sessions for read:user,repo,user:email...
2025-08-23 16:24:18.828 [info] Getting sessions for read:user,repo,user:email,workflow...
2025-08-23 16:24:18.828 [info] Got 0 sessions for read:user,repo,user:email,workflow...
2025-08-23 16:24:20.159 [info] Logging in with 'any' account...
2025-08-23 16:24:20.159 [info] Logging in for the following scopes: read:user repo user:email workflow
2025-08-23 16:24:20.291 [info] Trying device code flow... (read:user repo user:email workflow)
2025-08-23 16:26:36.123 [error] Timed out
2025-08-23 16:28:29.248 [info] Trying to retrieve PAT... (read:user repo user:email workflow)
2025-08-23 16:31:29.270 [info] Getting token scopes...
2025-08-23 16:31:29.659 [error] The provided token does not match the requested scopes: read:user repo user:email workflow
2025-08-23 16:31:29.662 [error] Error: No auth flow succeeded.
    at t.GitHubServer.login (/google/devshell/editor/code-oss-for-cloud-shell/extensions/github-authentication/dist/extension.js:2:27776)
    at processTicksAndRejections (node:internal/process/task_queues:95:5)
    at t.GitHubAuthenticationProvider.createSession (/google/devshell/editor/code-oss-for-cloud-shell/extensions/github-authentication/dist/extension.js:2:22780)
    at Jb.$createSession (file:///google/devshell/editor/code-oss-for-cloud-shell/out/vs/workbench/api/node/extensionHostProcess.js:121:3536)
2025-08-23 16:31:31.481 [info] Getting sessions for read:user,repo,user:email,workflow...
2025-08-23 16:31:31.481 [info] Got 0 sessions for read:user,repo,user:email,workflow...
2025-08-23 16:31:32.680 [info] Logging in with 'any' account...
2025-08-23 16:31:32.680 [info] Logging in for the following scopes: read:user repo user:email workflow
2025-08-23 16:31:32.745 [info] Trying device code flow... (read:user repo user:email workflow)
2025-08-23 16:32:17.228 [info] Getting user info...
2025-08-23 16:32:17.708 [info] Got account info!
2025-08-23 16:32:17.708 [info] Storing 1 sessions...
2025-08-23 16:32:17.775 [info] Reading sessions from keychain...
2025-08-23 16:32:17.775 [info] Stored 1 sessions!
2025-08-23 16:32:17.775 [info] Login success!
2025-08-23 16:32:17.847 [info] Got stored sessions!
2025-08-23 16:32:17.847 [info] Got 1 verified sessions.
2025-08-23 16:32:18.033 [info] Getting sessions for project,read:org,read:user,repo,user:email,workflow...
2025-08-23 16:32:18.033 [info] Getting sessions for read:user,repo,user:email...
2025-08-23 16:32:18.033 [info] Got 0 sessions for project,read:org,read:user,repo,user:email,workflow...
2025-08-23 16:32:18.033 [info] Got 0 sessions for read:user,repo,user:email...
2025-08-23 16:32:18.412 [info] Getting sessions for read:user,repo,user:email,workflow...
2025-08-23 16:32:18.412 [info] Getting sessions for read:user,repo,user:email...
2025-08-23 16:32:18.412 [info] Got 1 sessions for read:user,repo,user:email,workflow...
2025-08-23 16:32:18.412 [info] Got 0 sessions for read:user,repo,user:email...
2025-08-23 16:32:18.742 [info] Getting sessions for read:user,repo,user:email...
2025-08-23 16:32:18.742 [info] Got 0 sessions for read:user,repo,user:email...
2025-08-23 16:32:18.937 [info] Getting sessions for read:user,repo,user:email...
2025-08-23 16:32:18.937 [info] Got 0 sessions for read:user,repo,user:email...
2025-08-23 16:32:19.142 [info] Getting sessions for read:user,repo,user:email...
2025-08-23 16:32:19.142 [info] Got 0 sessions for read:user,repo,user:email...
2025-08-23 16:32:48.898 [info] Getting sessions for read:user,repo,user:email...
2025-08-23 16:32:48.898 [info] Got 0 sessions for read:user,repo,user:email...
2025-08-23 16:33:22.377 [info] Getting sessions for read:user,repo,user:email...
2025-08-23 16:33:22.378 [info] Got 0 sessions for read:user,repo,user:email...
