2025-08-24 12:23:55.887 [info] [main] Log level: Info
2025-08-24 12:23:55.887 [info] [main] Validating found git in: "git"
2025-08-24 12:23:55.887 [info] [main] Using git "2.43.0" from "git"
2025-08-24 12:23:55.887 [info] [Model][doInitialScan] Initial repository scan started
2025-08-24 12:23:55.948 [info] > git rev-parse --show-toplevel [100ms]
2025-08-24 12:23:55.952 [info] [Model][doInitialScan] Initial repository scan completed - repositories (0), closed repositories (0), parent repositories (1), unsafe repositories (0)
2025-08-24 12:24:02.521 [info] > git rev-parse --show-toplevel [321ms]
2025-08-24 12:24:02.605 [info] > git rev-parse --git-dir --git-common-dir [38ms]
2025-08-24 12:24:02.621 [info] [Model][openRepository] Opened repository (path): /home/bankstartup2025
2025-08-24 12:24:02.621 [info] [Model][openRepository] Opened repository (real path): /home/bankstartup2025
2025-08-24 12:24:02.659 [info] > git config --get commit.template [25ms]
2025-08-24 12:24:02.687 [info] [Git][getRemotes] No remotes found in the git config file
2025-08-24 12:24:02.710 [info] > git for-each-ref --format=%(refname)%00%(upstream:short)%00%(objectname)%00%(upstream:track)%00%(upstream:remotename)%00%(upstream:remoteref) refs/heads/main refs/remotes/main [25ms]
2025-08-24 12:24:02.710 [warning] [Git][getBranch] No such branch: main
2025-08-24 12:24:02.769 [info] > git for-each-ref --sort -committerdate --format %(refname)%00%(objectname)%00%(*objectname) [34ms]
2025-08-24 12:24:03.898 [info] > git check-ignore -v -z --stdin [27ms]
2025-08-24 12:24:04.284 [info] > git config --get --local branch.main.github-pr-owner-number [3ms]
2025-08-24 12:24:04.284 [warning] [Git][config] git config failed: Failed to execute git
2025-08-24 12:24:04.299 [info] > git config --get --local branch.main.remote [4ms]
2025-08-24 12:24:04.299 [warning] [Git][config] git config failed: Failed to execute git
2025-08-24 12:24:04.312 [info] > git config --get --local branch.main.merge [3ms]
2025-08-24 12:24:04.312 [warning] [Git][config] git config failed: Failed to execute git
2025-08-24 12:24:29.180 [info] > git status -z -uall [26460ms] (cancelled)
2025-08-24 12:24:29.190 [info] > git check-ignore -v -z --stdin [10ms]
2025-08-24 12:24:31.922 [info] > git for-each-ref --format=%(refname)%00%(upstream:short)%00%(objectname)%00%(upstream:track)%00%(upstream:remotename)%00%(upstream:remoteref) refs/heads/main refs/remotes/main [2508ms]
2025-08-24 12:24:31.922 [warning] [Git][getBranch] No such branch: main
2025-08-24 12:24:31.923 [error] [GitHistoryProvider][resolveHEADMergeBase] Failed to resolve merge base for main: Error: No such branch: main.
2025-08-24 12:24:31.997 [info] > git config --get commit.template [84ms]
2025-08-24 12:24:32.014 [info] [Git][getRemotes] No remotes found in the git config file
2025-08-24 12:24:32.017 [info] > git for-each-ref --format=%(refname)%00%(upstream:short)%00%(objectname)%00%(upstream:track)%00%(upstream:remotename)%00%(upstream:remoteref) refs/heads/main refs/remotes/main [4ms]
2025-08-24 12:24:32.017 [warning] [Git][getBranch] No such branch: main
2025-08-24 12:24:32.058 [info] > git for-each-ref --sort -committerdate --format %(refname)%00%(objectname)%00%(*objectname) [2ms]
2025-08-24 12:24:35.652 [info] > git status -z -uall [3616ms] (cancelled)
2025-08-24 12:45:36.717 [info] > git check-ignore -v -z --stdin [19ms]
2025-08-24 12:45:38.346 [info] > git check-ignore -v -z --stdin [13ms]
