2025-08-13 17:41:15.977 [info] [main] Log level: Info
2025-08-13 17:41:15.977 [info] [main] Validating found git in: "git"
2025-08-13 17:41:15.977 [info] [main] Using git "2.43.0" from "git"
2025-08-13 17:41:15.977 [info] [Model][doInitialScan] Initial repository scan started
2025-08-13 17:41:15.977 [info] > git rev-parse --show-toplevel [17ms]
2025-08-13 17:41:15.977 [info] fatal: not a git repository (or any parent up to mount point /)
Stopping at filesystem boundary (GIT_DISCOVERY_ACROSS_FILESYSTEM not set).
2025-08-13 17:41:15.977 [info] > git rev-parse --show-toplevel [4ms]
2025-08-13 17:41:15.977 [info] fatal: not a git repository (or any parent up to mount point /)
Stopping at filesystem boundary (GIT_DISCOVERY_ACROSS_FILESYSTEM not set).
2025-08-13 17:41:15.985 [info] > git rev-parse --show-toplevel [2ms]
2025-08-13 17:41:15.985 [info] fatal: not a git repository (or any parent up to mount point /)
Stopping at filesystem boundary (GIT_DISCOVERY_ACROSS_FILESYSTEM not set).
2025-08-13 17:41:16.010 [info] > git rev-parse --show-toplevel [20ms]
2025-08-13 17:41:16.010 [info] fatal: not a git repository (or any parent up to mount point /)
Stopping at filesystem boundary (GIT_DISCOVERY_ACROSS_FILESYSTEM not set).
2025-08-13 17:41:16.017 [info] > git rev-parse --show-toplevel [1ms]
2025-08-13 17:41:16.017 [info] fatal: not a git repository (or any parent up to mount point /)
Stopping at filesystem boundary (GIT_DISCOVERY_ACROSS_FILESYSTEM not set).
2025-08-13 17:41:16.030 [info] > git rev-parse --show-toplevel [8ms]
2025-08-13 17:41:16.030 [info] fatal: not a git repository (or any parent up to mount point /)
Stopping at filesystem boundary (GIT_DISCOVERY_ACROSS_FILESYSTEM not set).
2025-08-13 17:41:16.039 [info] > git rev-parse --show-toplevel [2ms]
2025-08-13 17:41:16.039 [info] fatal: not a git repository (or any parent up to mount point /)
Stopping at filesystem boundary (GIT_DISCOVERY_ACROSS_FILESYSTEM not set).
2025-08-13 17:41:16.046 [info] > git rev-parse --show-toplevel [2ms]
2025-08-13 17:41:16.046 [info] fatal: not a git repository (or any parent up to mount point /)
Stopping at filesystem boundary (GIT_DISCOVERY_ACROSS_FILESYSTEM not set).
2025-08-13 17:41:16.056 [info] > git rev-parse --show-toplevel [3ms]
2025-08-13 17:41:16.056 [info] fatal: not a git repository (or any parent up to mount point /)
Stopping at filesystem boundary (GIT_DISCOVERY_ACROSS_FILESYSTEM not set).
2025-08-13 17:41:16.065 [info] > git rev-parse --show-toplevel [2ms]
2025-08-13 17:41:16.065 [info] fatal: not a git repository (or any parent up to mount point /)
Stopping at filesystem boundary (GIT_DISCOVERY_ACROSS_FILESYSTEM not set).
2025-08-13 17:41:16.073 [info] > git rev-parse --show-toplevel [2ms]
2025-08-13 17:41:16.073 [info] fatal: not a git repository (or any parent up to mount point /)
Stopping at filesystem boundary (GIT_DISCOVERY_ACROSS_FILESYSTEM not set).
2025-08-13 17:41:16.080 [info] > git rev-parse --show-toplevel [2ms]
2025-08-13 17:41:16.080 [info] fatal: not a git repository (or any parent up to mount point /)
Stopping at filesystem boundary (GIT_DISCOVERY_ACROSS_FILESYSTEM not set).
2025-08-13 17:41:16.087 [info] > git rev-parse --show-toplevel [2ms]
2025-08-13 17:41:16.087 [info] fatal: not a git repository (or any parent up to mount point /)
Stopping at filesystem boundary (GIT_DISCOVERY_ACROSS_FILESYSTEM not set).
2025-08-13 17:41:16.088 [info] [Model][doInitialScan] Initial repository scan completed - repositories (0), closed repositories (0), parent repositories (0), unsafe repositories (0)
2025-08-13 17:41:26.338 [info] > git rev-parse --show-toplevel [1ms]
2025-08-13 17:41:26.338 [info] fatal: not a git repository (or any parent up to mount point /)
Stopping at filesystem boundary (GIT_DISCOVERY_ACROSS_FILESYSTEM not set).
