[1756905658870] INFO  (ext): SQLTools is starting
[1756905658874] INFO  (ext): initializing language client...
[1756905658886] INFO  (ext): Registering client for languages [{"scheme":"sqltools"},{"language":"sql","scheme":"untitled"},{"language":"sql","scheme":"file"},{"language":"sql","scheme":"sqltools"}]
    ns: "lc"
[1756905658893] INFO  (ext): loading plugins...
[1756905658894] INFO  (ext): registering Formatter Plugin.
    plugin: {
      "name": "Formatter Plugin"
    }
[1756905658894] INFO  (ext): registering Connection Manager Plugin.
    plugin: {
      "name": "Connection Manager Plugin"
    }
[1756905658895] INFO  (ext): registering CodeLens Plugin.
    plugin: {
      "name": "CodeLens Plugin",
      "registeredLanguages": []
    }
[1756905658896] INFO  (ext): registering Dependency Manager Plugin.
    plugin: {
      "name": "Dependency Manager Plugin",
      "installingDrivers": []
    }
[1756905658898] INFO  (ext): Connection explorer changed. Will be updated.
    ns: "conn-man:explorer"
[1756905658898] INFO  (ext): registering History Manager Plugin.
    plugin: {
      "name": "History Manager Plugin"
    }
[1756905658899] INFO  (ext): registering Bookmarks Manager Plugin.
    plugin: {
      "name": "Bookmarks Manager Plugin"
    }
[1756905658919] INFO  (ext): registering Authentication Provider Plugin.
    plugin: {
      "name": "Authentication Provider Plugin",
      "isRegistered": false
    }
[1756905658920] INFO  (ext): registering Object Drop-in Provider (plugin).
    plugin: {
      "type": "plugin",
      "name": "Object Drop-in Provider",
      "isRegistered": false
    }
[1756905658921] INFO  (ext): SQLTools activation completed. 51.13285 ms
[1756905658927] INFO  (ext): Formatter Plugin registered!
[1756905658927] INFO  (ext): CodeLens Plugin registered!
[1756905658927] INFO  (ext): Dependency Manager Plugin registered!
[1756905658928] INFO  (ext): Connection Manager Plugin registered!
[1756905658928] INFO  (ext): History Manager Plugin registered!
[1756905658928] INFO  (ext): Bookmarks Manager Plugin registered!
[1756905658928] INFO  (ext): Authentication Provider Plugin registered!
[1756905658928] INFO  (ext): Object Drop-in Provider (plugin) registered!
[1756905659137] INFO  (ext): registering Google Cloud Spanner Driver Plugin (driver).
    plugin: {
      "extensionId": "google-cloud-spanner-ecosystem.google-cloud-spanner-driver",
      "name": "Google Cloud Spanner Driver Plugin",
      "type": "driver"
    }
[1756905659161] INFO  (ls): SQLTools Server started!
===============================
Using node runtime?: no
ExecPath: /google/devshell/editor/code-oss-for-cloud-shell/node 
===============================
[1756905659184] INFO  (ext): LanguageClient ready
    ns: "lc"
[1756905659181] INFO  (ls): Initialized with node version:v20.19.0
[1756905659188] INFO  (ls): REQUEST RECEIVED => ls/RegisterPlugin
[1756905659188] INFO  (ls): request to register plugin: "/home/bankstartup2025/.codeoss/extensions/google-cloud-spanner-ecosystem.google-cloud-spanner-driver-0.4.1-universal/out/ls/plugin.js"
[1756905659194] ERROR (ls): Error registering plugin: {"code":"MODULE_NOT_FOUND","requireStack":["/home/bankstartup2025/.codeoss/extensions/google-cloud-spanner-ecosystem.google-cloud-spanner-driver-0.4.1-universal/out/ls/driver.js","/home/bankstartup2025/.codeoss/extensions/google-cloud-spanner-ecosystem.google-cloud-spanner-driver-0.4.1-universal/out/ls/plugin.js","/home/bankstartup2025/.codeoss/extensions/mtxr.sqltools-0.28.4-universal/dist/languageserver.js"]}
    error: {
      "code": "MODULE_NOT_FOUND",
      "requireStack": [
        "/home/bankstartup2025/.codeoss/extensions/google-cloud-spanner-ecosystem.google-cloud-spanner-driver-0.4.1-universal/out/ls/driver.js",
        "/home/bankstartup2025/.codeoss/extensions/google-cloud-spanner-ecosystem.google-cloud-spanner-driver-0.4.1-universal/out/ls/plugin.js",
        "/home/bankstartup2025/.codeoss/extensions/mtxr.sqltools-0.28.4-universal/dist/languageserver.js"
      ]
    }
[1756905659196] ERROR (ext): ERROR: Error loading plugin Google Cloud Spanner Driver Plugin Request ls/RegisterPlugin failed with message: Cannot find module '@sqltools/base-driver'
Require stack:
- /home/bankstartup2025/.codeoss/extensions/google-cloud-spanner-ecosystem.google-cloud-spanner-driver-0.4.1-universal/out/ls/driver.js
- /home/bankstartup2025/.codeoss/extensions/google-cloud-spanner-ecosystem.google-cloud-spanner-driver-0.4.1-universal/out/ls/plugin.js
- /home/bankstartup2025/.codeoss/extensions/mtxr.sqltools-0.28.4-universal/dist/languageserver.js, {"code":-32603}
    ns: "error-handler"
[1756905659198] INFO  (ext): Connection explorer changed. Will be updated.
    ns: "conn-man:explorer"
[1756905660139] INFO  (ext): EXECUTING COMMAND => sqltools.refreshTree
[1756905660139] INFO  (ext): Connection explorer changed. Will be updated.
    ns: "conn-man:explorer"
[1756905661236] INFO  (ext): Connection explorer changed. Will be updated.
    ns: "conn-man:explorer"
[1756905996386] INFO  (ext): EXECUTING COMMAND => sqltools.showOutputChannel
