2025-08-23 15:18:57.685 [info] [main] Log level: Info
2025-08-23 15:18:57.685 [info] [main] Validating found git in: "git"
2025-08-23 15:18:57.685 [info] [main] Using git "2.43.0" from "git"
2025-08-23 15:18:57.685 [info] [Model][doInitialScan] Initial repository scan started
2025-08-23 15:18:57.685 [info] > git rev-parse --show-toplevel [19ms]
2025-08-23 15:18:57.685 [info] > git rev-parse --git-dir --git-common-dir [4ms]
2025-08-23 15:18:57.685 [info] [Model][openRepository] Opened repository (path): /home/bankstartup2025
2025-08-23 15:18:57.685 [info] [Model][openRepository] Opened repository (real path): /home/bankstartup2025
2025-08-23 15:18:57.718 [info] > git config --get commit.template [25ms]
2025-08-23 15:18:57.738 [info] [Git][getRemotes] No remotes found in the git config file
2025-08-23 15:18:57.755 [info] > git for-each-ref --format=%(refname)%00%(upstream:short)%00%(objectname)%00%(upstream:track)%00%(upstream:remotename)%00%(upstream:remoteref) refs/heads/main refs/remotes/main [19ms]
2025-08-23 15:18:57.755 [warning] [Git][getBranch] No such branch: main
2025-08-23 15:18:57.783 [info] > git for-each-ref --sort -committerdate --format %(refname)%00%(objectname)%00%(*objectname) [12ms]
2025-08-23 15:18:57.805 [info] > git rev-parse --show-toplevel [3ms]
2025-08-23 15:18:57.822 [info] > git rev-parse --show-toplevel [9ms]
2025-08-23 15:18:57.832 [info] > git rev-parse --show-toplevel [4ms]
2025-08-23 15:18:57.846 [info] > git rev-parse --show-toplevel [6ms]
2025-08-23 15:18:57.859 [info] > git rev-parse --show-toplevel [5ms]
2025-08-23 15:18:57.872 [info] > git rev-parse --show-toplevel [5ms]
2025-08-23 15:18:57.890 [info] > git rev-parse --show-toplevel [10ms]
2025-08-23 15:18:57.901 [info] > git rev-parse --show-toplevel [1ms]
2025-08-23 15:18:57.917 [info] > git rev-parse --show-toplevel [8ms]
2025-08-23 15:18:57.926 [info] > git rev-parse --show-toplevel [3ms]
2025-08-23 15:18:57.935 [info] > git rev-parse --show-toplevel [2ms]
2025-08-23 15:18:57.945 [info] > git rev-parse --show-toplevel [2ms]
2025-08-23 15:18:57.946 [info] [Model][doInitialScan] Initial repository scan completed - repositories (1), closed repositories (0), parent repositories (0), unsafe repositories (0)
2025-08-23 15:19:04.984 [info] > git check-ignore -v -z --stdin [80ms]
2025-08-23 15:19:06.295 [info] > git status -z -uall [8534ms] (cancelled)
2025-08-23 15:19:06.855 [info] > git check-ignore -v -z --stdin [354ms]
2025-08-23 15:19:11.128 [info] > git for-each-ref --format=%(refname)%00%(upstream:short)%00%(objectname)%00%(upstream:track)%00%(upstream:remotename)%00%(upstream:remoteref) refs/heads/main refs/remotes/main [3816ms]
2025-08-23 15:19:11.128 [warning] [Git][getBranch] No such branch: main
2025-08-23 15:19:11.132 [error] [GitHistoryProvider][resolveHEADMergeBase] Failed to resolve merge base for main: Error: No such branch: main.
2025-08-23 15:19:11.259 [info] > git config --get commit.template [154ms]
2025-08-23 15:19:11.284 [info] [Git][getRemotes] No remotes found in the git config file
2025-08-23 15:19:11.302 [info] > git for-each-ref --format=%(refname)%00%(upstream:short)%00%(objectname)%00%(upstream:track)%00%(upstream:remotename)%00%(upstream:remoteref) refs/heads/main refs/remotes/main [18ms]
2025-08-23 15:19:11.302 [warning] [Git][getBranch] No such branch: main
2025-08-23 15:19:11.398 [info] > git for-each-ref --sort -committerdate --format %(refname)%00%(objectname)%00%(*objectname) [21ms]
2025-08-23 15:19:15.664 [info] > git status -z -uall [4319ms] (cancelled)
2025-08-23 15:19:18.003 [info] > git config --get --local branch.main.github-pr-owner-number [69ms]
2025-08-23 15:19:18.003 [warning] [Git][config] git config failed: Failed to execute git
2025-08-23 15:19:18.038 [info] > git config --get --local branch.main.remote [18ms]
2025-08-23 15:19:18.038 [warning] [Git][config] git config failed: Failed to execute git
2025-08-23 15:19:18.060 [info] > git config --get --local branch.main.merge [5ms]
2025-08-23 15:19:18.060 [warning] [Git][config] git config failed: Failed to execute git
