2025-08-18 17:07:28.340 [info] [main] Log level: Info
2025-08-18 17:07:28.340 [info] [main] Validating found git in: "git"
2025-08-18 17:07:28.340 [info] [main] Using git "2.43.0" from "git"
2025-08-18 17:07:28.340 [info] [Model][doInitialScan] Initial repository scan started
2025-08-18 17:07:28.340 [info] > git rev-parse --show-toplevel [10ms]
2025-08-18 17:07:28.340 [info] fatal: not a git repository (or any parent up to mount point /)
Stopping at filesystem boundary (GIT_DISCOVERY_ACROSS_FILESYSTEM not set).
2025-08-18 17:07:28.340 [info] > git rev-parse --show-toplevel [13ms]
2025-08-18 17:07:28.340 [info] fatal: not a git repository (or any parent up to mount point /)
Stopping at filesystem boundary (GIT_DISCOVERY_ACROSS_FILESYSTEM not set).
2025-08-18 17:07:31.064 [info] > git rev-parse --show-toplevel [87ms]
2025-08-18 17:07:31.064 [info] fatal: not a git repository (or any parent up to mount point /)
Stopping at filesystem boundary (GIT_DISCOVERY_ACROSS_FILESYSTEM not set).
2025-08-18 17:07:31.081 [info] > git rev-parse --show-toplevel [7ms]
2025-08-18 17:07:31.081 [info] fatal: not a git repository (or any parent up to mount point /)
Stopping at filesystem boundary (GIT_DISCOVERY_ACROSS_FILESYSTEM not set).
2025-08-18 17:07:31.104 [info] > git rev-parse --show-toplevel [13ms]
2025-08-18 17:07:31.104 [info] fatal: not a git repository (or any parent up to mount point /)
Stopping at filesystem boundary (GIT_DISCOVERY_ACROSS_FILESYSTEM not set).
2025-08-18 17:07:31.115 [info] > git rev-parse --show-toplevel [4ms]
2025-08-18 17:07:31.115 [info] fatal: not a git repository (or any parent up to mount point /)
Stopping at filesystem boundary (GIT_DISCOVERY_ACROSS_FILESYSTEM not set).
2025-08-18 17:07:31.126 [info] > git rev-parse --show-toplevel [3ms]
2025-08-18 17:07:31.126 [info] fatal: not a git repository (or any parent up to mount point /)
Stopping at filesystem boundary (GIT_DISCOVERY_ACROSS_FILESYSTEM not set).
2025-08-18 17:07:31.134 [info] > git rev-parse --show-toplevel [2ms]
2025-08-18 17:07:31.134 [info] fatal: not a git repository (or any parent up to mount point /)
Stopping at filesystem boundary (GIT_DISCOVERY_ACROSS_FILESYSTEM not set).
2025-08-18 17:07:31.143 [info] > git rev-parse --show-toplevel [3ms]
2025-08-18 17:07:31.143 [info] fatal: not a git repository (or any parent up to mount point /)
Stopping at filesystem boundary (GIT_DISCOVERY_ACROSS_FILESYSTEM not set).
2025-08-18 17:07:31.158 [info] > git rev-parse --show-toplevel [7ms]
2025-08-18 17:07:31.158 [info] fatal: not a git repository (or any parent up to mount point /)
Stopping at filesystem boundary (GIT_DISCOVERY_ACROSS_FILESYSTEM not set).
2025-08-18 17:07:31.168 [info] > git rev-parse --show-toplevel [3ms]
2025-08-18 17:07:31.168 [info] fatal: not a git repository (or any parent up to mount point /)
Stopping at filesystem boundary (GIT_DISCOVERY_ACROSS_FILESYSTEM not set).
2025-08-18 17:07:31.180 [info] > git rev-parse --show-toplevel [2ms]
2025-08-18 17:07:31.180 [info] fatal: not a git repository (or any parent up to mount point /)
Stopping at filesystem boundary (GIT_DISCOVERY_ACROSS_FILESYSTEM not set).
2025-08-18 17:07:31.189 [info] > git rev-parse --show-toplevel [2ms]
2025-08-18 17:07:31.189 [info] fatal: not a git repository (or any parent up to mount point /)
Stopping at filesystem boundary (GIT_DISCOVERY_ACROSS_FILESYSTEM not set).
2025-08-18 17:07:31.190 [info] [Model][doInitialScan] Initial repository scan completed - repositories (0), closed repositories (0), parent repositories (0), unsafe repositories (0)
