2025-08-24 12:40:25.842 [info] [Error - 12:40:23 PM] Client JSON Language Server: connection to server is erroring.
spawn /google/devshell/editor/code-oss-for-cloud-shell/node EACCES
Shutting down server.
2025-08-24 12:40:25.842 [info] [Error - 12:40:23 PM] Client JSON Language Server: connection to server is erroring.
spawn /google/devshell/editor/code-oss-for-cloud-shell/node EACCES
Shutting down server.
2025-08-24 12:40:25.842 [info] [Error - 12:40:23 PM] Client JSON Language Server: connection to server is erroring.
write EPIPE
2025-08-24 12:40:25.842 [info] [Error - 12:40:23 PM] Stopping server failed
2025-08-24 12:40:25.842 [info] Error: Client is not running and can't be stopped. It's current state is: starting
	at R.shutdown (/google/devshell/editor/code-oss-for-cloud-shell/extensions/json-language-features/client/dist/node/jsonClientMain.js:2:324427)
	at R.shutdown (/google/devshell/editor/code-oss-for-cloud-shell/extensions/json-language-features/client/dist/node/jsonClientMain.js:2:533377)
	at R.stop (/google/devshell/editor/code-oss-for-cloud-shell/extensions/json-language-features/client/dist/node/jsonClientMain.js:2:323999)
	at R.handleConnectionError (/google/devshell/editor/code-oss-for-cloud-shell/extensions/json-language-features/client/dist/node/jsonClientMain.js:2:330755)
	at process.processTicksAndRejections (node:internal/process/task_queues:95:5)
2025-08-24 12:40:25.842 [info] [Error - 12:40:23 PM] Stopping server failed
2025-08-24 12:40:25.842 [info] Error: Client is not running and can't be stopped. It's current state is: starting
	at R.shutdown (/google/devshell/editor/code-oss-for-cloud-shell/extensions/json-language-features/client/dist/node/jsonClientMain.js:2:324427)
	at R.shutdown (/google/devshell/editor/code-oss-for-cloud-shell/extensions/json-language-features/client/dist/node/jsonClientMain.js:2:533377)
	at R.stop (/google/devshell/editor/code-oss-for-cloud-shell/extensions/json-language-features/client/dist/node/jsonClientMain.js:2:323999)
	at R.handleConnectionError (/google/devshell/editor/code-oss-for-cloud-shell/extensions/json-language-features/client/dist/node/jsonClientMain.js:2:330755)
	at process.processTicksAndRejections (node:internal/process/task_queues:95:5)
2025-08-24 12:40:25.842 [info] [Error - 12:40:23 PM] Server initialization failed.
2025-08-24 12:40:25.843 [info]   Message: Pending response rejected since connection got disposed
  Code: -32097 
2025-08-24 12:40:25.843 [info] [Info  - 12:40:23 PM] Connection to server got closed. Server will restart.
2025-08-24 12:40:25.843 [info] [Error - 12:40:23 PM] JSON Language Server client: couldn't create connection to server.
2025-08-24 12:40:25.843 [info]   Message: Pending response rejected since connection got disposed
  Code: -32097 
2025-08-24 12:40:25.843 [info] [Error - 12:40:23 PM] Client JSON Language Server: connection to server is erroring.
spawn /google/devshell/editor/code-oss-for-cloud-shell/node EACCES
Shutting down server.
2025-08-24 12:40:25.843 [info] [Error - 12:40:23 PM] Client JSON Language Server: connection to server is erroring.
spawn /google/devshell/editor/code-oss-for-cloud-shell/node EACCES
Shutting down server.
2025-08-24 12:40:25.843 [info] [Error - 12:40:23 PM] Client JSON Language Server: connection to server is erroring.
write EPIPE
2025-08-24 12:40:25.843 [info] [Error - 12:40:23 PM] Stopping server failed
2025-08-24 12:40:25.843 [info] Error: Client is not running and can't be stopped. It's current state is: startFailed
	at R.shutdown (/google/devshell/editor/code-oss-for-cloud-shell/extensions/json-language-features/client/dist/node/jsonClientMain.js:2:324427)
	at R.shutdown (/google/devshell/editor/code-oss-for-cloud-shell/extensions/json-language-features/client/dist/node/jsonClientMain.js:2:533377)
	at R.stop (/google/devshell/editor/code-oss-for-cloud-shell/extensions/json-language-features/client/dist/node/jsonClientMain.js:2:323999)
	at R.handleConnectionError (/google/devshell/editor/code-oss-for-cloud-shell/extensions/json-language-features/client/dist/node/jsonClientMain.js:2:330755)
	at process.processTicksAndRejections (node:internal/process/task_queues:95:5)
2025-08-24 12:40:25.843 [info] [Error - 12:40:23 PM] Stopping server failed
2025-08-24 12:40:25.843 [info] Error: Client is not running and can't be stopped. It's current state is: startFailed
	at R.shutdown (/google/devshell/editor/code-oss-for-cloud-shell/extensions/json-language-features/client/dist/node/jsonClientMain.js:2:324427)
	at R.shutdown (/google/devshell/editor/code-oss-for-cloud-shell/extensions/json-language-features/client/dist/node/jsonClientMain.js:2:533377)
	at R.stop (/google/devshell/editor/code-oss-for-cloud-shell/extensions/json-language-features/client/dist/node/jsonClientMain.js:2:323999)
	at R.handleConnectionError (/google/devshell/editor/code-oss-for-cloud-shell/extensions/json-language-features/client/dist/node/jsonClientMain.js:2:330755)
	at process.processTicksAndRejections (node:internal/process/task_queues:95:5)
2025-08-24 12:40:25.843 [info] [Error - 12:40:23 PM] Server initialization failed.
2025-08-24 12:40:25.843 [info]   Message: Pending response rejected since connection got disposed
  Code: -32097 
2025-08-24 12:40:25.843 [info] [Info  - 12:40:23 PM] Connection to server got closed. Server will restart.
2025-08-24 12:40:25.843 [info] [Error - 12:40:23 PM] JSON Language Server client: couldn't create connection to server.
2025-08-24 12:40:25.843 [info]   Message: Pending response rejected since connection got disposed
  Code: -32097 
2025-08-24 12:40:25.843 [info] [Error - 12:40:23 PM] Client JSON Language Server: connection to server is erroring.
spawn /google/devshell/editor/code-oss-for-cloud-shell/node EACCES
Shutting down server.
2025-08-24 12:40:25.843 [info] [Error - 12:40:23 PM] Client JSON Language Server: connection to server is erroring.
spawn /google/devshell/editor/code-oss-for-cloud-shell/node EACCES
Shutting down server.
2025-08-24 12:40:25.843 [info] [Error - 12:40:23 PM] Client JSON Language Server: connection to server is erroring.
write EPIPE
2025-08-24 12:40:25.843 [info] [Error - 12:40:23 PM] Stopping server failed
2025-08-24 12:40:25.843 [info] Error: Client is not running and can't be stopped. It's current state is: startFailed
	at R.shutdown (/google/devshell/editor/code-oss-for-cloud-shell/extensions/json-language-features/client/dist/node/jsonClientMain.js:2:324427)
	at R.shutdown (/google/devshell/editor/code-oss-for-cloud-shell/extensions/json-language-features/client/dist/node/jsonClientMain.js:2:533377)
	at R.stop (/google/devshell/editor/code-oss-for-cloud-shell/extensions/json-language-features/client/dist/node/jsonClientMain.js:2:323999)
	at R.handleConnectionError (/google/devshell/editor/code-oss-for-cloud-shell/extensions/json-language-features/client/dist/node/jsonClientMain.js:2:330755)
	at process.processTicksAndRejections (node:internal/process/task_queues:95:5)
2025-08-24 12:40:25.843 [info] [Error - 12:40:23 PM] Stopping server failed
2025-08-24 12:40:25.843 [info] Error: Client is not running and can't be stopped. It's current state is: startFailed
	at R.shutdown (/google/devshell/editor/code-oss-for-cloud-shell/extensions/json-language-features/client/dist/node/jsonClientMain.js:2:324427)
	at R.shutdown (/google/devshell/editor/code-oss-for-cloud-shell/extensions/json-language-features/client/dist/node/jsonClientMain.js:2:533377)
	at R.stop (/google/devshell/editor/code-oss-for-cloud-shell/extensions/json-language-features/client/dist/node/jsonClientMain.js:2:323999)
	at R.handleConnectionError (/google/devshell/editor/code-oss-for-cloud-shell/extensions/json-language-features/client/dist/node/jsonClientMain.js:2:330755)
	at process.processTicksAndRejections (node:internal/process/task_queues:95:5)
2025-08-24 12:40:25.843 [info] [Error - 12:40:23 PM] Server initialization failed.
2025-08-24 12:40:25.843 [info]   Message: Pending response rejected since connection got disposed
  Code: -32097 
2025-08-24 12:40:25.843 [info] [Info  - 12:40:23 PM] Connection to server got closed. Server will restart.
2025-08-24 12:40:25.843 [info] [Error - 12:40:23 PM] JSON Language Server client: couldn't create connection to server.
2025-08-24 12:40:25.843 [info]   Message: Pending response rejected since connection got disposed
  Code: -32097 
2025-08-24 12:40:25.843 [info] [Error - 12:40:23 PM] Restarting server failed
2025-08-24 12:40:25.843 [info]   Message: Pending response rejected since connection got disposed
  Code: -32097 
2025-08-24 12:40:25.843 [info] [Error - 12:40:23 PM] Client JSON Language Server: connection to server is erroring.
spawn /google/devshell/editor/code-oss-for-cloud-shell/node EACCES
Shutting down server.
2025-08-24 12:40:25.843 [info] [Error - 12:40:23 PM] Client JSON Language Server: connection to server is erroring.
spawn /google/devshell/editor/code-oss-for-cloud-shell/node EACCES
Shutting down server.
2025-08-24 12:40:25.843 [info] [Error - 12:40:23 PM] Client JSON Language Server: connection to server is erroring.
write EPIPE
2025-08-24 12:40:25.843 [info] [Error - 12:40:23 PM] Stopping server failed
2025-08-24 12:40:25.843 [info] Error: Client is not running and can't be stopped. It's current state is: startFailed
	at R.shutdown (/google/devshell/editor/code-oss-for-cloud-shell/extensions/json-language-features/client/dist/node/jsonClientMain.js:2:324427)
	at R.shutdown (/google/devshell/editor/code-oss-for-cloud-shell/extensions/json-language-features/client/dist/node/jsonClientMain.js:2:533377)
	at R.stop (/google/devshell/editor/code-oss-for-cloud-shell/extensions/json-language-features/client/dist/node/jsonClientMain.js:2:323999)
	at R.handleConnectionError (/google/devshell/editor/code-oss-for-cloud-shell/extensions/json-language-features/client/dist/node/jsonClientMain.js:2:330755)
	at process.processTicksAndRejections (node:internal/process/task_queues:95:5)
2025-08-24 12:40:25.843 [info] [Error - 12:40:23 PM] Stopping server failed
2025-08-24 12:40:25.843 [info] Error: Client is not running and can't be stopped. It's current state is: startFailed
	at R.shutdown (/google/devshell/editor/code-oss-for-cloud-shell/extensions/json-language-features/client/dist/node/jsonClientMain.js:2:324427)
	at R.shutdown (/google/devshell/editor/code-oss-for-cloud-shell/extensions/json-language-features/client/dist/node/jsonClientMain.js:2:533377)
	at R.stop (/google/devshell/editor/code-oss-for-cloud-shell/extensions/json-language-features/client/dist/node/jsonClientMain.js:2:323999)
	at R.handleConnectionError (/google/devshell/editor/code-oss-for-cloud-shell/extensions/json-language-features/client/dist/node/jsonClientMain.js:2:330755)
	at process.processTicksAndRejections (node:internal/process/task_queues:95:5)
2025-08-24 12:40:25.843 [info] [Error - 12:40:23 PM] Server initialization failed.
2025-08-24 12:40:25.843 [info]   Message: Pending response rejected since connection got disposed
  Code: -32097 
2025-08-24 12:40:25.843 [info] [Info  - 12:40:23 PM] Connection to server got closed. Server will restart.
2025-08-24 12:40:25.843 [info] [Error - 12:40:23 PM] JSON Language Server client: couldn't create connection to server.
2025-08-24 12:40:25.843 [info]   Message: Pending response rejected since connection got disposed
  Code: -32097 
2025-08-24 12:40:25.843 [info] [Error - 12:40:23 PM] Restarting server failed
2025-08-24 12:40:25.843 [info]   Message: Pending response rejected since connection got disposed
  Code: -32097 
2025-08-24 12:40:25.843 [info] [Error - 12:40:23 PM] Client JSON Language Server: connection to server is erroring.
spawn /google/devshell/editor/code-oss-for-cloud-shell/node EACCES
Shutting down server.
2025-08-24 12:40:25.843 [info] [Error - 12:40:23 PM] Client JSON Language Server: connection to server is erroring.
spawn /google/devshell/editor/code-oss-for-cloud-shell/node EACCES
Shutting down server.
2025-08-24 12:40:25.843 [info] [Error - 12:40:23 PM] Client JSON Language Server: connection to server is erroring.
write EPIPE
2025-08-24 12:40:25.843 [info] [Error - 12:40:23 PM] Stopping server failed
2025-08-24 12:40:25.843 [info] Error: Client is not running and can't be stopped. It's current state is: startFailed
	at R.shutdown (/google/devshell/editor/code-oss-for-cloud-shell/extensions/json-language-features/client/dist/node/jsonClientMain.js:2:324427)
	at R.shutdown (/google/devshell/editor/code-oss-for-cloud-shell/extensions/json-language-features/client/dist/node/jsonClientMain.js:2:533377)
	at R.stop (/google/devshell/editor/code-oss-for-cloud-shell/extensions/json-language-features/client/dist/node/jsonClientMain.js:2:323999)
	at R.handleConnectionError (/google/devshell/editor/code-oss-for-cloud-shell/extensions/json-language-features/client/dist/node/jsonClientMain.js:2:330755)
	at process.processTicksAndRejections (node:internal/process/task_queues:95:5)
2025-08-24 12:40:25.843 [info] [Error - 12:40:23 PM] Stopping server failed
2025-08-24 12:40:25.843 [info] Error: Client is not running and can't be stopped. It's current state is: startFailed
	at R.shutdown (/google/devshell/editor/code-oss-for-cloud-shell/extensions/json-language-features/client/dist/node/jsonClientMain.js:2:324427)
	at R.shutdown (/google/devshell/editor/code-oss-for-cloud-shell/extensions/json-language-features/client/dist/node/jsonClientMain.js:2:533377)
	at R.stop (/google/devshell/editor/code-oss-for-cloud-shell/extensions/json-language-features/client/dist/node/jsonClientMain.js:2:323999)
	at R.handleConnectionError (/google/devshell/editor/code-oss-for-cloud-shell/extensions/json-language-features/client/dist/node/jsonClientMain.js:2:330755)
	at process.processTicksAndRejections (node:internal/process/task_queues:95:5)
2025-08-24 12:40:25.843 [info] [Error - 12:40:23 PM] Server initialization failed.
2025-08-24 12:40:25.843 [info]   Message: Pending response rejected since connection got disposed
  Code: -32097 
2025-08-24 12:40:25.843 [info] [Error - 12:40:23 PM] The JSON Language Server server crashed 5 times in the last 3 minutes. The server will not be restarted. See the output for more information.
2025-08-24 12:40:25.843 [info] [Error - 12:40:23 PM] JSON Language Server client: couldn't create connection to server.
2025-08-24 12:40:25.843 [info]   Message: Pending response rejected since connection got disposed
  Code: -32097 
2025-08-24 12:40:25.843 [info] [Error - 12:40:23 PM] Restarting server failed
2025-08-24 12:40:25.843 [info]   Message: Pending response rejected since connection got disposed
  Code: -32097 
