[1755965340855] INFO  (ext): SQLTools is starting
[1755965340858] INFO  (ext): initializing language client...
[1755965340876] INFO  (ext): Registering client for languages [{"scheme":"sqltools"},{"language":"sql","scheme":"untitled"},{"language":"sql","scheme":"file"},{"language":"sql","scheme":"sqltools"}]
    ns: "lc"
[1755965340892] INFO  (ext): loading plugins...
[1755965340892] INFO  (ext): registering Formatter Plugin.
    plugin: {
      "name": "Formatter Plugin"
    }
[1755965340893] INFO  (ext): registering Connection Manager Plugin.
    plugin: {
      "name": "Connection Manager Plugin"
    }
[1755965340894] INFO  (ext): registering CodeLens Plugin.
    plugin: {
      "name": "CodeLens Plugin",
      "registeredLanguages": []
    }
[1755965340914] INFO  (ext): registering Dependency Manager Plugin.
    plugin: {
      "name": "Dependency Manager Plugin",
      "installingDrivers": []
    }
[1755965340917] INFO  (ext): Connection explorer changed. Will be updated.
    ns: "conn-man:explorer"
[1755965340918] INFO  (ext): registering History Manager Plugin.
    plugin: {
      "name": "History Manager Plugin"
    }
[1755965340919] INFO  (ext): registering Bookmarks Manager Plugin.
    plugin: {
      "name": "Bookmarks Manager Plugin"
    }
[1755965340921] INFO  (ext): registering Authentication Provider Plugin.
    plugin: {
      "name": "Authentication Provider Plugin",
      "isRegistered": false
    }
[1755965340922] INFO  (ext): registering Object Drop-in Provider (plugin).
    plugin: {
      "type": "plugin",
      "name": "Object Drop-in Provider",
      "isRegistered": false
    }
[1755965340924] INFO  (ext): SQLTools activation completed. 68.256271 ms
[1755965340924] INFO  (ext): Formatter Plugin registered!
[1755965340924] INFO  (ext): CodeLens Plugin registered!
[1755965340924] INFO  (ext): Dependency Manager Plugin registered!
[1755965340925] INFO  (ext): Connection Manager Plugin registered!
[1755965340925] INFO  (ext): History Manager Plugin registered!
[1755965340925] INFO  (ext): Bookmarks Manager Plugin registered!
[1755965340925] INFO  (ext): Authentication Provider Plugin registered!
[1755965340925] INFO  (ext): Object Drop-in Provider (plugin) registered!
[1755965341280] INFO  (ext): registering Google Cloud Spanner Driver Plugin (driver).
    plugin: {
      "extensionId": "google-cloud-spanner-ecosystem.google-cloud-spanner-driver",
      "name": "Google Cloud Spanner Driver Plugin",
      "type": "driver"
    }
[1755965341337] INFO  (ls): SQLTools Server started!
===============================
Using node runtime?: no
ExecPath: /google/devshell/editor/code-oss-for-cloud-shell/node 
===============================
[1755965341361] INFO  (ext): LanguageClient ready
    ns: "lc"
[1755965341358] INFO  (ls): Initialized with node version:v20.19.0
[1755965341367] INFO  (ls): REQUEST RECEIVED => ls/RegisterPlugin
[1755965341368] INFO  (ls): request to register plugin: "/home/bankstartup2025/.codeoss/extensions/google-cloud-spanner-ecosystem.google-cloud-spanner-driver-0.4.1-universal/out/ls/plugin.js"
[1755965341531] INFO  (ext): Connection explorer changed. Will be updated.
    ns: "conn-man:explorer"
[1755965344541] INFO  (ext): EXECUTING COMMAND => sqltools.refreshTree
[1755965344541] INFO  (ext): Connection explorer changed. Will be updated.
    ns: "conn-man:explorer"
[1755965344543] INFO  (ext): Connection explorer changed. Will be updated.
    ns: "conn-man:explorer"
[1755965342056] INFO  (ls): Driver google cloud spanner driver registered!
    place: "driver-map"
    ns: "ls-context"
[1755965344560] INFO  (ext): Google Cloud Spanner Driver Plugin (driver) registered!
[1755965346967] INFO  (ext): EXECUTING COMMAND => sqltools.refreshTree
[1755965346967] INFO  (ext): Connection explorer changed. Will be updated.
    ns: "conn-man:explorer"
[1755965349451] INFO  (ext): Connection explorer changed. Will be updated.
    ns: "conn-man:explorer"
[1755965352163] INFO  (ext): Connection explorer changed. Will be updated.
    ns: "conn-man:explorer"
[1755965354230] INFO  (ext): Connection explorer changed. Will be updated.
    ns: "conn-man:explorer"
[1755965602316] INFO  (ext): Connection explorer changed. Will be updated.
    ns: "conn-man:explorer"
[1755965715019] INFO  (ext): Connection explorer changed. Will be updated.
    ns: "conn-man:explorer"
[1755966014404] INFO  (ext): Connection explorer changed. Will be updated.
    ns: "conn-man:explorer"
[1755966895307] INFO  (ext): Connection explorer changed. Will be updated.
    ns: "conn-man:explorer"
[1755966895977] INFO  (ext): Connection explorer changed. Will be updated.
    ns: "conn-man:explorer"
