Initializing document watcher...
Document watcher initialized
vscode.git.Git: {}
vscode.git.Git: {}
No more open editors.
No more open editors.
No more open editors.
No more open editors.
No more open editors.
No more open editors.
vscode.git.Git: {}
/User/settings.json: Using EditorConfig core...
vscode.git.Git: {}
No more open editors.
No more open editors.
undefined: {}
bankstartup2025/.mcdc/mcdc-sources.json: {}
bankstartup2025/.mcdc/mcdc-sources.json: {}
bankstartup2025/.mcdc/mcdc-sources.json: {}
bankstartup2025/.mcdc/mcdc-sources.json: {}
bankstartup2025/.mcdc/mcdc-sources.json: Using EditorConfig core...
bankstartup2025/.mcdc/mcdc-sources.json: Using EditorConfig core...
bankstartup2025/.mcdc/mcdc-sources.json: {}
No more open editors.
No more open editors.
No more open editors.
undefined: {}
bankstartup2025/.vscode/launch.json: Using EditorConfig core...
No more open editors.
No more open editors.
No more open editors.
No more open editors.
No more open editors.
No more open editors.
No more open editors.
No more open editors.
No more open editors.
No more open editors.
No more open editors.
No more open editors.
undefined: {}
No more open editors.
No more open editors.
bankstartup2025/.codeoss/data/Machine/settings.json: Using EditorConfig core...
bankstartup2025/.codeoss/data/Machine/settings.json: Using EditorConfig core...
