[1755962336918] INFO  (ext): SQLTools is starting
[1755962336921] INFO  (ext): initializing language client...
[1755962336940] INFO  (ext): Registering client for languages [{"scheme":"sqltools"},{"language":"sql","scheme":"untitled"},{"language":"sql","scheme":"file"},{"language":"sql","scheme":"sqltools"}]
    ns: "lc"
[1755962336956] INFO  (ext): loading plugins...
[1755962336956] INFO  (ext): registering Formatter Plugin.
    plugin: {
      "name": "Formatter Plugin"
    }
[1755962336956] INFO  (ext): registering Connection Manager Plugin.
    plugin: {
      "name": "Connection Manager Plugin"
    }
[1755962336957] INFO  (ext): registering CodeLens Plugin.
    plugin: {
      "name": "CodeLens Plugin",
      "registeredLanguages": []
    }
[1755962336959] INFO  (ext): registering Dependency Manager Plugin.
    plugin: {
      "name": "Dependency Manager Plugin",
      "installingDrivers": []
    }
[1755962336962] INFO  (ext): Connection explorer changed. Will be updated.
    ns: "conn-man:explorer"
[1755962336962] INFO  (ext): registering History Manager Plugin.
    plugin: {
      "name": "History Manager Plugin"
    }
[1755962336963] INFO  (ext): registering Bookmarks Manager Plugin.
    plugin: {
      "name": "Bookmarks Manager Plugin"
    }
[1755962336965] INFO  (ext): registering Authentication Provider Plugin.
    plugin: {
      "name": "Authentication Provider Plugin",
      "isRegistered": false
    }
[1755962336965] INFO  (ext): registering Object Drop-in Provider (plugin).
    plugin: {
      "type": "plugin",
      "name": "Object Drop-in Provider",
      "isRegistered": false
    }
[1755962336967] INFO  (ext): SQLTools activation completed. 47.670313 ms
[1755962336968] INFO  (ext): Formatter Plugin registered!
[1755962336968] INFO  (ext): CodeLens Plugin registered!
[1755962336968] INFO  (ext): Dependency Manager Plugin registered!
[1755962336968] INFO  (ext): Connection Manager Plugin registered!
[1755962336968] INFO  (ext): History Manager Plugin registered!
[1755962336968] INFO  (ext): Bookmarks Manager Plugin registered!
[1755962336968] INFO  (ext): Authentication Provider Plugin registered!
[1755962336968] INFO  (ext): Object Drop-in Provider (plugin) registered!
[1755962337308] INFO  (ext): Connection explorer changed. Will be updated.
    ns: "conn-man:explorer"
[1755962337332] INFO  (ext): registering Google Cloud Spanner Driver Plugin (driver).
    plugin: {
      "extensionId": "google-cloud-spanner-ecosystem.google-cloud-spanner-driver",
      "name": "Google Cloud Spanner Driver Plugin",
      "type": "driver"
    }
[1755962337447] INFO  (ls): SQLTools Server started!
===============================
Using node runtime?: no
ExecPath: /google/devshell/editor/code-oss-for-cloud-shell/node 
===============================
[1755962337605] INFO  (ext): LanguageClient ready
    ns: "lc"
[1755962337602] INFO  (ls): Initialized with node version:v20.19.0
[1755962337609] INFO  (ls): REQUEST RECEIVED => ls/RegisterPlugin
[1755962337609] INFO  (ls): request to register plugin: "/home/bankstartup2025/.codeoss/extensions/google-cloud-spanner-ecosystem.google-cloud-spanner-driver-0.4.1-universal/out/ls/plugin.js"
[1755962337779] INFO  (ext): Connection explorer changed. Will be updated.
    ns: "conn-man:explorer"
[1755962344906] INFO  (ext): EXECUTING COMMAND => sqltools.refreshTree
[1755962344910] INFO  (ext): Connection explorer changed. Will be updated.
    ns: "conn-man:explorer"
[1755962344912] INFO  (ext): Connection explorer changed. Will be updated.
    ns: "conn-man:explorer"
[1755962338240] INFO  (ls): Driver google cloud spanner driver registered!
    place: "driver-map"
    ns: "ls-context"
[1755962344986] INFO  (ext): Google Cloud Spanner Driver Plugin (driver) registered!
[1755962346238] INFO  (ext): EXECUTING COMMAND => sqltools.refreshTree
[1755962346239] INFO  (ext): Connection explorer changed. Will be updated.
    ns: "conn-man:explorer"
[1755962355341] INFO  (ext): Connection explorer changed. Will be updated.
    ns: "conn-man:explorer"
[1755962358414] INFO  (ext): Connection explorer changed. Will be updated.
    ns: "conn-man:explorer"
