[1756036292365] INFO  (ext): SQLTools is starting
[1756036292368] INFO  (ext): initializing language client...
[1756036292382] INFO  (ext): Registering client for languages [{"scheme":"sqltools"},{"language":"sql","scheme":"untitled"},{"language":"sql","scheme":"file"},{"language":"sql","scheme":"sqltools"}]
    ns: "lc"
[1756036292390] INFO  (ext): loading plugins...
[1756036292390] INFO  (ext): registering Formatter Plugin.
    plugin: {
      "name": "Formatter Plugin"
    }
[1756036292391] INFO  (ext): registering Connection Manager Plugin.
    plugin: {
      "name": "Connection Manager Plugin"
    }
[1756036292391] INFO  (ext): registering CodeLens Plugin.
    plugin: {
      "name": "CodeLens Plugin",
      "registeredLanguages": []
    }
[1756036292393] INFO  (ext): registering Dependency Manager Plugin.
    plugin: {
      "name": "Dependency Manager Plugin",
      "installingDrivers": []
    }
[1756036292395] INFO  (ext): Connection explorer changed. Will be updated.
    ns: "conn-man:explorer"
[1756036292395] INFO  (ext): registering History Manager Plugin.
    plugin: {
      "name": "History Manager Plugin"
    }
[1756036292396] INFO  (ext): registering Bookmarks Manager Plugin.
    plugin: {
      "name": "Bookmarks Manager Plugin"
    }
[1756036292397] INFO  (ext): registering Authentication Provider Plugin.
    plugin: {
      "name": "Authentication Provider Plugin",
      "isRegistered": false
    }
[1756036292398] INFO  (ext): registering Object Drop-in Provider (plugin).
    plugin: {
      "type": "plugin",
      "name": "Object Drop-in Provider",
      "isRegistered": false
    }
[1756036292399] INFO  (ext): SQLTools activation completed. 33.138278 ms
[1756036292403] INFO  (ext): Formatter Plugin registered!
[1756036292404] INFO  (ext): CodeLens Plugin registered!
[1756036292404] INFO  (ext): Dependency Manager Plugin registered!
[1756036292404] INFO  (ext): Connection Manager Plugin registered!
[1756036292404] INFO  (ext): History Manager Plugin registered!
[1756036292404] INFO  (ext): Bookmarks Manager Plugin registered!
[1756036292404] INFO  (ext): Authentication Provider Plugin registered!
[1756036292404] INFO  (ext): Object Drop-in Provider (plugin) registered!
[1756036292559] INFO  (ls): SQLTools Server started!
===============================
Using node runtime?: no
ExecPath: /google/devshell/editor/code-oss-for-cloud-shell/node 
===============================
[1756036292573] INFO  (ext): LanguageClient ready
    ns: "lc"
[1756036292568] INFO  (ls): Initialized with node version:v20.19.0
[1756036292716] INFO  (ext): registering Google Cloud Spanner Driver Plugin (driver).
    plugin: {
      "extensionId": "google-cloud-spanner-ecosystem.google-cloud-spanner-driver",
      "name": "Google Cloud Spanner Driver Plugin",
      "type": "driver"
    }
[1756036292718] INFO  (ls): REQUEST RECEIVED => ls/RegisterPlugin
[1756036292718] INFO  (ls): request to register plugin: "/home/bankstartup2025/.codeoss/extensions/google-cloud-spanner-ecosystem.google-cloud-spanner-driver-0.4.1-universal/out/ls/plugin.js"
[1756036295329] INFO  (ext): EXECUTING COMMAND => sqltools.refreshTree
[1756036295330] INFO  (ext): Connection explorer changed. Will be updated.
    ns: "conn-man:explorer"
[1756036295331] INFO  (ext): Connection explorer changed. Will be updated.
    ns: "conn-man:explorer"
[1756036293094] INFO  (ls): Driver google cloud spanner driver registered!
    place: "driver-map"
    ns: "ls-context"
[1756036295344] INFO  (ext): Google Cloud Spanner Driver Plugin (driver) registered!
[1756036297952] INFO  (ext): EXECUTING COMMAND => sqltools.refreshTree
[1756036297952] INFO  (ext): Connection explorer changed. Will be updated.
    ns: "conn-man:explorer"
[1756036297973] INFO  (ext): Connection explorer changed. Will be updated.
    ns: "conn-man:explorer"
