[1756039561863] INFO  (ext): SQLTools is starting
[1756039561866] INFO  (ext): initializing language client...
[1756039561881] INFO  (ext): Registering client for languages [{"scheme":"sqltools"},{"language":"sql","scheme":"untitled"},{"language":"sql","scheme":"file"},{"language":"sql","scheme":"sqltools"}]
    ns: "lc"
[1756039561890] INFO  (ext): loading plugins...
[1756039561890] INFO  (ext): registering Formatter Plugin.
    plugin: {
      "name": "Formatter Plugin"
    }
[1756039561891] INFO  (ext): registering Connection Manager Plugin.
    plugin: {
      "name": "Connection Manager Plugin"
    }
[1756039561891] INFO  (ext): registering CodeLens Plugin.
    plugin: {
      "name": "CodeLens Plugin",
      "registeredLanguages": []
    }
[1756039561894] INFO  (ext): registering Dependency Manager Plugin.
    plugin: {
      "name": "Dependency Manager Plugin",
      "installingDrivers": []
    }
[1756039561896] INFO  (ext): Connection explorer changed. Will be updated.
    ns: "conn-man:explorer"
[1756039561897] INFO  (ext): registering History Manager Plugin.
    plugin: {
      "name": "History Manager Plugin"
    }
[1756039561897] INFO  (ext): registering Bookmarks Manager Plugin.
    plugin: {
      "name": "Bookmarks Manager Plugin"
    }
[1756039561899] INFO  (ext): registering Authentication Provider Plugin.
    plugin: {
      "name": "Authentication Provider Plugin",
      "isRegistered": false
    }
[1756039561899] INFO  (ext): registering Object Drop-in Provider (plugin).
    plugin: {
      "type": "plugin",
      "name": "Object Drop-in Provider",
      "isRegistered": false
    }
[1756039561901] INFO  (ext): SQLTools activation completed. 36.81799 ms
[1756039561906] INFO  (ext): Formatter Plugin registered!
[1756039561906] INFO  (ext): CodeLens Plugin registered!
[1756039561906] INFO  (ext): Dependency Manager Plugin registered!
[1756039561906] INFO  (ext): Connection Manager Plugin registered!
[1756039561906] INFO  (ext): History Manager Plugin registered!
[1756039561907] INFO  (ext): Bookmarks Manager Plugin registered!
[1756039561907] INFO  (ext): Authentication Provider Plugin registered!
[1756039561907] INFO  (ext): Object Drop-in Provider (plugin) registered!
[1756039562085] INFO  (ls): SQLTools Server started!
===============================
Using node runtime?: no
ExecPath: /google/devshell/editor/code-oss-for-cloud-shell/node 
===============================
[1756039562101] INFO  (ext): LanguageClient ready
    ns: "lc"
[1756039562096] INFO  (ls): Initialized with node version:v20.19.0
[1756039562142] INFO  (ext): registering Google Cloud Spanner Driver Plugin (driver).
    plugin: {
      "extensionId": "google-cloud-spanner-ecosystem.google-cloud-spanner-driver",
      "name": "Google Cloud Spanner Driver Plugin",
      "type": "driver"
    }
[1756039562144] INFO  (ls): REQUEST RECEIVED => ls/RegisterPlugin
[1756039562144] INFO  (ls): request to register plugin: "/home/bankstartup2025/.codeoss/extensions/google-cloud-spanner-ecosystem.google-cloud-spanner-driver-0.4.1-universal/out/ls/plugin.js"
[1756039564932] INFO  (ext): EXECUTING COMMAND => sqltools.refreshTree
[1756039564933] INFO  (ext): Connection explorer changed. Will be updated.
    ns: "conn-man:explorer"
[1756039564935] INFO  (ext): Connection explorer changed. Will be updated.
    ns: "conn-man:explorer"
[1756039562576] INFO  (ls): Driver google cloud spanner driver registered!
    place: "driver-map"
    ns: "ls-context"
[1756039564952] INFO  (ext): Google Cloud Spanner Driver Plugin (driver) registered!
[1756039567651] INFO  (ext): EXECUTING COMMAND => sqltools.refreshTree
[1756039567651] INFO  (ext): Connection explorer changed. Will be updated.
    ns: "conn-man:explorer"
[1756039567653] INFO  (ext): Connection explorer changed. Will be updated.
    ns: "conn-man:explorer"
[1756039567896] INFO  (ext): Connection explorer changed. Will be updated.
    ns: "conn-man:explorer"
