[1756035426953] INFO  (ext): SQLTools is starting
[1756035426957] INFO  (ext): initializing language client...
[1756035426971] INFO  (ext): Registering client for languages [{"scheme":"sqltools"},{"language":"sql","scheme":"untitled"},{"language":"sql","scheme":"file"},{"language":"sql","scheme":"sqltools"}]
    ns: "lc"
[1756035426979] INFO  (ext): loading plugins...
[1756035426980] INFO  (ext): registering Formatter Plugin.
    plugin: {
      "name": "Formatter Plugin"
    }
[1756035426980] INFO  (ext): registering Connection Manager Plugin.
    plugin: {
      "name": "Connection Manager Plugin"
    }
[1756035426981] INFO  (ext): registering CodeLens Plugin.
    plugin: {
      "name": "CodeLens Plugin",
      "registeredLanguages": []
    }
[1756035426982] INFO  (ext): registering Dependency Manager Plugin.
    plugin: {
      "name": "Dependency Manager Plugin",
      "installingDrivers": []
    }
[1756035426984] INFO  (ext): Connection explorer changed. Will be updated.
    ns: "conn-man:explorer"
[1756035426985] INFO  (ext): registering History Manager Plugin.
    plugin: {
      "name": "History Manager Plugin"
    }
[1756035426985] INFO  (ext): registering Bookmarks Manager Plugin.
    plugin: {
      "name": "Bookmarks Manager Plugin"
    }
[1756035427004] INFO  (ext): registering Authentication Provider Plugin.
    plugin: {
      "name": "Authentication Provider Plugin",
      "isRegistered": false
    }
[1756035427004] INFO  (ext): registering Object Drop-in Provider (plugin).
    plugin: {
      "type": "plugin",
      "name": "Object Drop-in Provider",
      "isRegistered": false
    }
[1756035427006] INFO  (ext): SQLTools activation completed. 52.008672 ms
[1756035427010] INFO  (ext): Formatter Plugin registered!
[1756035427010] INFO  (ext): CodeLens Plugin registered!
[1756035427010] INFO  (ext): Dependency Manager Plugin registered!
[1756035427010] INFO  (ext): Connection Manager Plugin registered!
[1756035427011] INFO  (ext): History Manager Plugin registered!
[1756035427011] INFO  (ext): Bookmarks Manager Plugin registered!
[1756035427011] INFO  (ext): Authentication Provider Plugin registered!
[1756035427011] INFO  (ext): Object Drop-in Provider (plugin) registered!
[1756035427196] INFO  (ls): SQLTools Server started!
===============================
Using node runtime?: no
ExecPath: /google/devshell/editor/code-oss-for-cloud-shell/node 
===============================
[1756035427208] INFO  (ext): LanguageClient ready
    ns: "lc"
[1756035427204] INFO  (ls): Initialized with node version:v20.19.0
[1756035427321] INFO  (ext): registering Google Cloud Spanner Driver Plugin (driver).
    plugin: {
      "extensionId": "google-cloud-spanner-ecosystem.google-cloud-spanner-driver",
      "name": "Google Cloud Spanner Driver Plugin",
      "type": "driver"
    }
[1756035427323] INFO  (ls): REQUEST RECEIVED => ls/RegisterPlugin
[1756035427323] INFO  (ls): request to register plugin: "/home/bankstartup2025/.codeoss/extensions/google-cloud-spanner-ecosystem.google-cloud-spanner-driver-0.4.1-universal/out/ls/plugin.js"
[1756035428323] INFO  (ext): EXECUTING COMMAND => sqltools.refreshTree
[1756035428323] INFO  (ext): Connection explorer changed. Will be updated.
    ns: "conn-man:explorer"
[1756035431428] INFO  (ext): Connection explorer changed. Will be updated.
    ns: "conn-man:explorer"
[1756035429464] INFO  (ls): Driver google cloud spanner driver registered!
    place: "driver-map"
    ns: "ls-context"
[1756035431441] INFO  (ext): Google Cloud Spanner Driver Plugin (driver) registered!
[1756035434298] INFO  (ext): Connection explorer changed. Will be updated.
    ns: "conn-man:explorer"
[1756035434537] INFO  (ext): EXECUTING COMMAND => sqltools.refreshTree
[1756035434537] INFO  (ext): Connection explorer changed. Will be updated.
    ns: "conn-man:explorer"
