2025-08-23 16:09:09.891 [warning] /home/bankstartup2025/.ssh/config: ENOENT: no such file or directory, open '/home/bankstartup2025/.ssh/config'
2025-08-23 16:09:09.891 [info] [Activation] Extension version: 0.112.0
2025-08-23 16:09:13.818 [info] [Activation] Looking for git repository
2025-08-23 16:09:13.818 [info] [Activation] Found 0 repositories during activation
2025-08-23 16:09:13.818 [info] [Activation] Git repository found, initializing review manager and pr tree view.
2025-08-23 16:09:13.825 [info] [GitAPI] Registering git provider
2025-08-23 16:09:13.825 [info] [Review+0] Validate state in progress
2025-08-23 16:09:13.825 [info] [Review+0] Validating state...
2025-08-23 16:09:13.825 [warning] No remotes found. The following remotes are missing: origin, upstream
2025-08-23 16:09:13.825 [info] [FolderRepositoryManager+0] No GitHub remotes found for folder /home/bankstartup2025
2025-08-23 16:09:13.827 [info] [FolderRepositoryManager+0] Trying to use globalState for assignableUsers.
2025-08-23 16:09:13.865 [info] [Review+0] No matching pull request metadata found locally for current branch main
2025-08-23 16:09:13.889 [info] [Review+0] No matching pull request metadata found on GitHub for current branch main
2025-08-23 16:09:13.927 [info] [FolderRepositoryManager+0] GlobalState does not exist for assignableUsers.
2025-08-23 16:10:13.321 [info] [Activation] Repo state for file:///home/bankstartup2025 changed.
2025-08-23 16:10:13.321 [info] [Activation] Repo file:///home/bankstartup2025 has already been setup.
2025-08-23 16:31:29.754 [error] [Authentication] Login error: Error signing in to GitHub: Error: No auth flow succeeded.
2025-08-23 16:31:29.755 [error] [Authentication] Error: No auth flow succeeded.
    at t.GitHubServer.login (/google/devshell/editor/code-oss-for-cloud-shell/extensions/github-authentication/dist/extension.js:2:27776)
    at processTicksAndRejections (node:internal/process/task_queues:95:5)
    at t.GitHubAuthenticationProvider.createSession (/google/devshell/editor/code-oss-for-cloud-shell/extensions/github-authentication/dist/extension.js:2:22780)
    at Jb.$createSession (file:///google/devshell/editor/code-oss-for-cloud-shell/out/vs/workbench/api/node/extensionHostProcess.js:121:3536)
2025-08-23 16:32:17.851 [info] [Authentication] Creating hub for .com
2025-08-23 16:32:18.034 [warning] No remotes found. The following remotes are missing: origin, upstream
2025-08-23 16:32:18.034 [info] [FolderRepositoryManager+0] No GitHub remotes found for folder /home/bankstartup2025
2025-08-23 16:32:18.478 [info] [Authentication] Creating hub for .com
2025-08-23 16:32:18.480 [info] [Authentication] Creating hub for .com
2025-08-23 16:32:18.481 [info] [Authentication] Creating hub for .com
