2025-09-10 17:53:57.834 [info] [main] Log level: Info
2025-09-10 17:53:57.834 [info] [main] Validating found git in: "git"
2025-09-10 17:53:57.834 [info] [main] Using git "2.43.0" from "git"
2025-09-10 17:53:57.834 [info] [Model][doInitialScan] Initial repository scan started
2025-09-10 17:53:57.834 [info] > git rev-parse --show-toplevel [2ms]
2025-09-10 17:53:57.834 [info] > git rev-parse --git-dir --git-common-dir [4ms]
2025-09-10 17:53:57.834 [info] [Model][openRepository] Opened repository (path): /home/bankstartup2025
2025-09-10 17:53:57.834 [info] [Model][openRepository] Opened repository (real path): /home/bankstartup2025
2025-09-10 17:53:57.834 [info] > git config --get commit.template [9ms]
2025-09-10 17:53:57.834 [info] > git for-each-ref --format=%(refname)%00%(upstream:short)%00%(objectname)%00%(upstream:track)%00%(upstream:remotename)%00%(upstream:remoteref) refs/heads/main refs/remotes/main [19ms]
2025-09-10 17:53:57.834 [warning] [Git][getBranch] No such branch: main
2025-09-10 17:53:57.834 [info] > git for-each-ref --sort -committerdate --format %(refname)%00%(objectname)%00%(*objectname) [13ms]
2025-09-10 17:53:57.843 [info] > git rev-parse --show-toplevel [3ms]
2025-09-10 17:53:57.852 [info] > git rev-parse --show-toplevel [2ms]
2025-09-10 17:53:57.863 [info] > git rev-parse --show-toplevel [3ms]
2025-09-10 17:53:57.878 [info] > git rev-parse --show-toplevel [10ms]
2025-09-10 17:53:57.887 [info] > git rev-parse --show-toplevel [4ms]
2025-09-10 17:53:57.895 [info] > git rev-parse --show-toplevel [4ms]
2025-09-10 17:53:57.901 [info] > git rev-parse --show-toplevel [2ms]
2025-09-10 17:53:57.906 [info] > git rev-parse --show-toplevel [1ms]
2025-09-10 17:53:57.921 [info] > git rev-parse --show-toplevel [2ms]
2025-09-10 17:53:57.929 [info] > git rev-parse --show-toplevel [3ms]
2025-09-10 17:53:57.937 [info] > git rev-parse --show-toplevel [3ms]
2025-09-10 17:53:57.942 [info] > git rev-parse --show-toplevel [1ms]
2025-09-10 17:53:57.951 [info] > git rev-parse --show-toplevel [5ms]
2025-09-10 17:53:57.957 [info] > git rev-parse --show-toplevel [1ms]
2025-09-10 17:53:57.961 [info] > git rev-parse --show-toplevel [1ms]
2025-09-10 17:53:57.966 [info] > git rev-parse --show-toplevel [1ms]
2025-09-10 17:53:57.971 [info] > git rev-parse --show-toplevel [2ms]
2025-09-10 17:53:57.976 [info] > git rev-parse --show-toplevel [2ms]
2025-09-10 17:53:57.981 [info] > git rev-parse --show-toplevel [1ms]
2025-09-10 17:53:57.986 [info] > git rev-parse --show-toplevel [2ms]
2025-09-10 17:53:57.991 [info] > git rev-parse --show-toplevel [1ms]
2025-09-10 17:53:57.992 [info] [Model][doInitialScan] Initial repository scan completed - repositories (1), closed repositories (0), parent repositories (0), unsafe repositories (0)
2025-09-10 17:54:02.301 [info] > git config --get --local branch.main.github-pr-owner-number [2ms]
2025-09-10 17:54:02.301 [warning] [Git][config] git config failed: Failed to execute git
2025-09-10 17:54:02.307 [info] > git config --get --local branch.main.remote [1ms]
2025-09-10 17:54:02.308 [warning] [Git][config] git config failed: Failed to execute git
2025-09-10 17:54:02.314 [info] > git config --get --local branch.main.merge [1ms]
2025-09-10 17:54:02.314 [warning] [Git][config] git config failed: Failed to execute git
2025-09-10 17:54:10.048 [info] > git status -z -uall [12243ms] (cancelled)
2025-09-10 17:54:11.871 [info] > git for-each-ref --format=%(refname)%00%(upstream:short)%00%(objectname)%00%(upstream:track)%00%(upstream:remotename)%00%(upstream:remoteref) refs/heads/main refs/remotes/main [1825ms]
2025-09-10 17:54:11.871 [warning] [Git][getBranch] No such branch: main
2025-09-10 17:54:11.871 [error] [GitHistoryProvider][resolveHEADMergeBase] Failed to resolve merge base for main: Error: No such branch: main.
2025-09-10 17:54:11.904 [info] > git config --get commit.template [42ms]
2025-09-10 17:54:11.911 [info] > git for-each-ref --format=%(refname)%00%(upstream:short)%00%(objectname)%00%(upstream:track)%00%(upstream:remotename)%00%(upstream:remoteref) refs/heads/main refs/remotes/main [2ms]
2025-09-10 17:54:11.911 [warning] [Git][getBranch] No such branch: main
2025-09-10 17:54:11.922 [info] > git for-each-ref --sort -committerdate --format %(refname)%00%(objectname)%00%(*objectname) [2ms]
2025-09-10 17:54:14.852 [info] > git status -z -uall [2937ms] (cancelled)
