[1757526837386] INFO  (ext): SQLTools is starting
[1757526837413] INFO  (ext): initializing language client...
[1757526837425] INFO  (ext): Registering client for languages [{"scheme":"sqltools"},{"language":"sql","scheme":"untitled"},{"language":"sql","scheme":"file"},{"language":"sql","scheme":"sqltools"}]
    ns: "lc"
[1757526837432] INFO  (ext): loading plugins...
[1757526837432] INFO  (ext): registering Formatter Plugin.
    plugin: {
      "name": "Formatter Plugin"
    }
[1757526837433] INFO  (ext): registering Connection Manager Plugin.
    plugin: {
      "name": "Connection Manager Plugin"
    }
[1757526837433] INFO  (ext): registering CodeLens Plugin.
    plugin: {
      "name": "CodeLens Plugin",
      "registeredLanguages": []
    }
[1757526837434] INFO  (ext): registering Dependency Manager Plugin.
    plugin: {
      "name": "Dependency Manager Plugin",
      "installingDrivers": []
    }
[1757526837437] INFO  (ext): Connection explorer changed. Will be updated.
    ns: "conn-man:explorer"
[1757526837437] INFO  (ext): registering History Manager Plugin.
    plugin: {
      "name": "History Manager Plugin"
    }
[1757526837438] INFO  (ext): registering Bookmarks Manager Plugin.
    plugin: {
      "name": "Bookmarks Manager Plugin"
    }
[1757526837458] INFO  (ext): registering Authentication Provider Plugin.
    plugin: {
      "name": "Authentication Provider Plugin",
      "isRegistered": false
    }
[1757526837459] INFO  (ext): registering Object Drop-in Provider (plugin).
    plugin: {
      "type": "plugin",
      "name": "Object Drop-in Provider",
      "isRegistered": false
    }
[1757526837460] INFO  (ext): SQLTools activation completed. 73.617263 ms
[1757526837460] INFO  (ext): Formatter Plugin registered!
[1757526837461] INFO  (ext): CodeLens Plugin registered!
[1757526837461] INFO  (ext): Dependency Manager Plugin registered!
[1757526837461] INFO  (ext): Connection Manager Plugin registered!
[1757526837461] INFO  (ext): History Manager Plugin registered!
[1757526837461] INFO  (ext): Bookmarks Manager Plugin registered!
[1757526837461] INFO  (ext): Authentication Provider Plugin registered!
[1757526837461] INFO  (ext): Object Drop-in Provider (plugin) registered!
[1757526837606] INFO  (ext): Connection explorer changed. Will be updated.
    ns: "conn-man:explorer"
[1757526837697] INFO  (ext): registering Google Cloud Spanner Driver Plugin (driver).
    plugin: {
      "extensionId": "google-cloud-spanner-ecosystem.google-cloud-spanner-driver",
      "name": "Google Cloud Spanner Driver Plugin",
      "type": "driver"
    }
[1757526837844] INFO  (ext): Connection explorer changed. Will be updated.
    ns: "conn-man:explorer"
[1757526837855] INFO  (ls): SQLTools Server started!
===============================
Using node runtime?: no
ExecPath: /google/devshell/editor/code-oss-for-cloud-shell/node 
===============================
[1757526837876] INFO  (ext): LanguageClient ready
    ns: "lc"
[1757526837873] INFO  (ls): Initialized with node version:v20.19.0
[1757526837880] INFO  (ls): REQUEST RECEIVED => ls/RegisterPlugin
[1757526837881] INFO  (ls): request to register plugin: "/home/bankstartup2025/.codeoss/extensions/google-cloud-spanner-ecosystem.google-cloud-spanner-driver-0.4.1-universal/out/ls/plugin.js"
[1757526837887] ERROR (ls): Error registering plugin: {"code":"MODULE_NOT_FOUND","requireStack":["/home/bankstartup2025/.codeoss/extensions/google-cloud-spanner-ecosystem.google-cloud-spanner-driver-0.4.1-universal/out/ls/driver.js","/home/bankstartup2025/.codeoss/extensions/google-cloud-spanner-ecosystem.google-cloud-spanner-driver-0.4.1-universal/out/ls/plugin.js","/home/bankstartup2025/.codeoss/extensions/mtxr.sqltools-0.28.5-universal/dist/languageserver.js"]}
    error: {
      "code": "MODULE_NOT_FOUND",
      "requireStack": [
        "/home/bankstartup2025/.codeoss/extensions/google-cloud-spanner-ecosystem.google-cloud-spanner-driver-0.4.1-universal/out/ls/driver.js",
        "/home/bankstartup2025/.codeoss/extensions/google-cloud-spanner-ecosystem.google-cloud-spanner-driver-0.4.1-universal/out/ls/plugin.js",
        "/home/bankstartup2025/.codeoss/extensions/mtxr.sqltools-0.28.5-universal/dist/languageserver.js"
      ]
    }
[1757526837893] ERROR (ext): ERROR: Error loading plugin Google Cloud Spanner Driver Plugin Request ls/RegisterPlugin failed with message: Cannot find module '@sqltools/base-driver'
Require stack:
- /home/bankstartup2025/.codeoss/extensions/google-cloud-spanner-ecosystem.google-cloud-spanner-driver-0.4.1-universal/out/ls/driver.js
- /home/bankstartup2025/.codeoss/extensions/google-cloud-spanner-ecosystem.google-cloud-spanner-driver-0.4.1-universal/out/ls/plugin.js
- /home/bankstartup2025/.codeoss/extensions/mtxr.sqltools-0.28.5-universal/dist/languageserver.js, {"code":-32603}
    ns: "error-handler"
[1757526838698] INFO  (ext): EXECUTING COMMAND => sqltools.refreshTree
[1757526838699] INFO  (ext): Connection explorer changed. Will be updated.
    ns: "conn-man:explorer"
[1757526840562] INFO  (ext): Connection explorer changed. Will be updated.
    ns: "conn-man:explorer"
