[1755964845557] INFO  (ext): SQLTools is starting
[1755964845560] INFO  (ext): initializing language client...
[1755964845583] INFO  (ext): Registering client for languages [{"scheme":"sqltools"},{"language":"sql","scheme":"untitled"},{"language":"sql","scheme":"file"},{"language":"sql","scheme":"sqltools"}]
    ns: "lc"
[1755964845603] INFO  (ext): loading plugins...
[1755964845603] INFO  (ext): registering Formatter Plugin.
    plugin: {
      "name": "Formatter Plugin"
    }
[1755964845605] INFO  (ext): registering Connection Manager Plugin.
    plugin: {
      "name": "Connection Manager Plugin"
    }
[1755964845606] INFO  (ext): registering CodeLens Plugin.
    plugin: {
      "name": "CodeLens Plugin",
      "registeredLanguages": []
    }
[1755964845610] INFO  (ext): registering Dependency Manager Plugin.
    plugin: {
      "name": "Dependency Manager Plugin",
      "installingDrivers": []
    }
[1755964845614] INFO  (ext): Connection explorer changed. Will be updated.
    ns: "conn-man:explorer"
[1755964845615] INFO  (ext): registering History Manager Plugin.
    plugin: {
      "name": "History Manager Plugin"
    }
[1755964845617] INFO  (ext): registering Bookmarks Manager Plugin.
    plugin: {
      "name": "Bookmarks Manager Plugin"
    }
[1755964845619] INFO  (ext): registering Authentication Provider Plugin.
    plugin: {
      "name": "Authentication Provider Plugin",
      "isRegistered": false
    }
[1755964845620] INFO  (ext): registering Object Drop-in Provider (plugin).
    plugin: {
      "type": "plugin",
      "name": "Object Drop-in Provider",
      "isRegistered": false
    }
[1755964845624] INFO  (ext): SQLTools activation completed. 66.093277 ms
[1755964845625] INFO  (ext): Formatter Plugin registered!
[1755964845625] INFO  (ext): CodeLens Plugin registered!
[1755964845625] INFO  (ext): Dependency Manager Plugin registered!
[1755964845625] INFO  (ext): Connection Manager Plugin registered!
[1755964845625] INFO  (ext): History Manager Plugin registered!
[1755964845626] INFO  (ext): Bookmarks Manager Plugin registered!
[1755964845626] INFO  (ext): Authentication Provider Plugin registered!
[1755964845626] INFO  (ext): Object Drop-in Provider (plugin) registered!
[1755964845936] INFO  (ext): Connection explorer changed. Will be updated.
    ns: "conn-man:explorer"
[1755964846443] INFO  (ext): registering Google Cloud Spanner Driver Plugin (driver).
    plugin: {
      "extensionId": "google-cloud-spanner-ecosystem.google-cloud-spanner-driver",
      "name": "Google Cloud Spanner Driver Plugin",
      "type": "driver"
    }
[1755964846228] INFO  (ls): SQLTools Server started!
===============================
Using node runtime?: no
ExecPath: /google/devshell/editor/code-oss-for-cloud-shell/node 
===============================
[1755964846462] INFO  (ext): LanguageClient ready
    ns: "lc"
[1755964846457] INFO  (ls): Initialized with node version:v20.19.0
[1755964846466] INFO  (ls): REQUEST RECEIVED => ls/RegisterPlugin
[1755964846466] INFO  (ls): request to register plugin: "/home/bankstartup2025/.codeoss/extensions/google-cloud-spanner-ecosystem.google-cloud-spanner-driver-0.4.1-universal/out/ls/plugin.js"
[1755964846800] INFO  (ext): Connection explorer changed. Will be updated.
    ns: "conn-man:explorer"
[1755964853279] INFO  (ext): EXECUTING COMMAND => sqltools.refreshTree
[1755964853280] INFO  (ext): Connection explorer changed. Will be updated.
    ns: "conn-man:explorer"
[1755964853281] INFO  (ext): Connection explorer changed. Will be updated.
    ns: "conn-man:explorer"
[1755964847414] INFO  (ls): Driver google cloud spanner driver registered!
    place: "driver-map"
    ns: "ls-context"
[1755964853327] INFO  (ext): Google Cloud Spanner Driver Plugin (driver) registered!
[1755964858733] INFO  (ext): EXECUTING COMMAND => sqltools.refreshTree
[1755964858733] INFO  (ext): Connection explorer changed. Will be updated.
    ns: "conn-man:explorer"
[1755964862124] INFO  (ext): Connection explorer changed. Will be updated.
    ns: "conn-man:explorer"
[1755964863564] INFO  (ext): Connection explorer changed. Will be updated.
    ns: "conn-man:explorer"
