2025-08-23 16:03:43.857 [info] [main] Log level: Info
2025-08-23 16:03:43.857 [info] [main] Validating found git in: "git"
2025-08-23 16:03:43.857 [info] [main] Using git "2.43.0" from "git"
2025-08-23 16:03:43.857 [info] [Model][doInitialScan] Initial repository scan started
2025-08-23 16:03:43.857 [info] > git rev-parse --show-toplevel [3ms]
2025-08-23 16:03:43.857 [info] > git rev-parse --git-dir --git-common-dir [2ms]
2025-08-23 16:03:43.857 [info] [Model][openRepository] Opened repository (path): /home/bankstartup2025
2025-08-23 16:03:43.857 [info] [Model][openRepository] Opened repository (real path): /home/bankstartup2025
2025-08-23 16:03:43.857 [info] > git config --get commit.template [4ms]
2025-08-23 16:03:43.857 [info] [Git][getRemotes] No remotes found in the git config file
2025-08-23 16:03:43.857 [info] > git for-each-ref --format=%(refname)%00%(upstream:short)%00%(objectname)%00%(upstream:track)%00%(upstream:remotename)%00%(upstream:remoteref) refs/heads/main refs/remotes/main [29ms]
2025-08-23 16:03:43.858 [warning] [Git][getBranch] No such branch: main
2025-08-23 16:03:43.858 [info] > git rev-parse --show-toplevel [46ms]
2025-08-23 16:03:43.858 [info] > git for-each-ref --sort -committerdate --format %(refname)%00%(objectname)%00%(*objectname) [33ms]
2025-08-23 16:03:43.858 [info] > git rev-parse --show-toplevel [27ms]
2025-08-23 16:03:43.858 [info] > git rev-parse --show-toplevel [1ms]
2025-08-23 16:03:43.866 [info] > git rev-parse --show-toplevel [2ms]
2025-08-23 16:03:43.875 [info] > git rev-parse --show-toplevel [6ms]
2025-08-23 16:03:43.881 [info] > git rev-parse --show-toplevel [2ms]
2025-08-23 16:03:43.890 [info] > git rev-parse --show-toplevel [1ms]
2025-08-23 16:03:43.896 [info] > git rev-parse --show-toplevel [1ms]
2025-08-23 16:03:43.902 [info] > git rev-parse --show-toplevel [1ms]
2025-08-23 16:03:43.907 [info] > git rev-parse --show-toplevel [2ms]
