2025-08-23 15:06:20.184 [info] [main] Log level: Info
2025-08-23 15:06:20.184 [info] [main] Validating found git in: "git"
2025-08-23 15:06:20.184 [info] [main] Using git "2.43.0" from "git"
2025-08-23 15:06:20.184 [info] [Model][doInitialScan] Initial repository scan started
2025-08-23 15:06:20.184 [info] > git rev-parse --show-toplevel [20ms]
2025-08-23 15:06:20.184 [info] > git rev-parse --git-dir --git-common-dir [5ms]
2025-08-23 15:06:20.184 [info] [Model][openRepository] Opened repository (path): /home/bankstartup2025
2025-08-23 15:06:20.184 [info] [Model][openRepository] Opened repository (real path): /home/bankstartup2025
2025-08-23 15:06:20.184 [info] > git config --get commit.template [941ms]
2025-08-23 15:06:20.184 [info] [Git][getRemotes] No remotes found in the git config file
2025-08-23 15:06:20.184 [info] > git for-each-ref --format=%(refname)%00%(upstream:short)%00%(objectname)%00%(upstream:track)%00%(upstream:remotename)%00%(upstream:remoteref) refs/heads/main refs/remotes/main [2602ms]
2025-08-23 15:06:20.184 [warning] [Git][getBranch] No such branch: main
2025-08-23 15:06:20.184 [info] > git for-each-ref --sort -committerdate --format %(refname)%00%(objectname)%00%(*objectname) [42ms]
2025-08-23 15:06:20.233 [info] > git rev-parse --show-toplevel [93ms]
2025-08-23 15:06:20.687 [info] > git rev-parse --show-toplevel [143ms]
2025-08-23 15:06:20.882 [info] > git rev-parse --show-toplevel [187ms]
2025-08-23 15:06:20.950 [info] > git rev-parse --show-toplevel [33ms]
2025-08-23 15:06:20.978 [info] > git status -z -uall [924ms] (cancelled)
2025-08-23 15:06:20.978 [info] > git rev-parse --show-toplevel [21ms]
2025-08-23 15:06:20.990 [info] > git check-ignore -v -z --stdin [22ms]
2025-08-23 15:06:23.243 [info] > git for-each-ref --format=%(refname)%00%(upstream:short)%00%(objectname)%00%(upstream:track)%00%(upstream:remotename)%00%(upstream:remoteref) refs/heads/main refs/remotes/main [2073ms]
2025-08-23 15:06:23.243 [warning] [Git][getBranch] No such branch: main
2025-08-23 15:06:23.244 [error] [GitHistoryProvider][resolveHEADMergeBase] Failed to resolve merge base for main: Error: No such branch: main.
2025-08-23 15:06:23.245 [info] > git rev-parse --show-toplevel [2260ms]
2025-08-23 15:06:23.292 [info] > git config --get commit.template [74ms]
2025-08-23 15:06:23.299 [info] > git rev-parse --show-toplevel [9ms]
2025-08-23 15:06:23.341 [info] [Git][getRemotes] No remotes found in the git config file
2025-08-23 15:06:23.378 [info] > git for-each-ref --format=%(refname)%00%(upstream:short)%00%(objectname)%00%(upstream:track)%00%(upstream:remotename)%00%(upstream:remoteref) refs/heads/main refs/remotes/main [38ms]
2025-08-23 15:06:23.378 [warning] [Git][getBranch] No such branch: main
2025-08-23 15:06:23.401 [info] > git for-each-ref --sort -committerdate --format %(refname)%00%(objectname)%00%(*objectname) [7ms]
2025-08-23 15:06:23.413 [info] > git rev-parse --show-toplevel [57ms]
2025-08-23 15:06:23.465 [info] > git rev-parse --show-toplevel [28ms]
2025-08-23 15:06:23.486 [info] > git rev-parse --show-toplevel [4ms]
2025-08-23 15:06:23.521 [info] > git rev-parse --show-toplevel [20ms]
2025-08-23 15:06:23.522 [info] [Model][doInitialScan] Initial repository scan completed - repositories (1), closed repositories (0), parent repositories (0), unsafe repositories (0)
2025-08-23 15:06:23.649 [info] > git status -z -uall [265ms] (cancelled)
2025-08-23 15:06:23.651 [info] > git check-ignore -v -z --stdin [2ms]
2025-08-23 15:07:28.533 [info] > git check-ignore -v -z --stdin [3ms]
2025-08-23 15:07:30.165 [info] > git log --format=%H%n%aN%n%aE%n%at%n%ct%n%P%n%D%n%B -z --shortstat --diff-merges=first-parent -n50 --skip=0 --topo-order --decorate=full --stdin [51ms]
2025-08-23 15:07:30.165 [info] fatal: bad revision 'refs/heads/main'
2025-08-23 15:07:30.166 [error] [GitHistoryProvider][provideHistoryItems] Failed to get history items with options '{"historyItemRefs":["refs/heads/main"],"limit":50,"skip":0}': Failed to execute git {
  "exitCode": 128,
  "gitCommand": "log",
  "stdout": "",
  "stderr": "fatal: bad revision 'refs/heads/main'\n"
}
2025-08-23 15:07:30.660 [info] > git check-ignore -v -z --stdin [2ms]
2025-08-23 15:09:35.431 [info] > git add -A -- . [120977ms]
2025-08-23 15:09:37.038 [info] > git -c user.useConfigOnly=true commit --quiet [1597ms]
2025-08-23 15:09:37.038 [info] Author identity unknown

*** Please tell me who you are.

Run

  git config --global user.email "you@example.com"
  git config --global user.name "Your Name"

to set your account's default identity.
Omit --global to set the identity only in this repository.

fatal: no email was given and auto-detection is disabled
2025-08-23 15:09:37.059 [info] > git config --get-all user.name [4ms]
2025-08-23 15:09:37.074 [info] > git config --get commit.template [1ms]
2025-08-23 15:09:37.089 [info] [Git][getRemotes] No remotes found in the git config file
2025-08-23 15:09:37.091 [info] > git for-each-ref --format=%(refname)%00%(upstream:short)%00%(objectname)%00%(upstream:track)%00%(upstream:remotename)%00%(upstream:remoteref) refs/heads/main refs/remotes/main [3ms]
2025-08-23 15:09:37.092 [warning] [Git][getBranch] No such branch: main
2025-08-23 15:09:37.131 [info] > git for-each-ref --sort -committerdate --format %(refname)%00%(objectname)%00%(*objectname) [8ms]
2025-08-23 15:09:39.033 [info] > git status -z -uall [1926ms] (cancelled)
2025-08-23 15:15:59.317 [info] > git config --get --local branch.main.github-pr-owner-number [3ms]
2025-08-23 15:15:59.317 [warning] [Git][config] git config failed: Failed to execute git
2025-08-23 15:15:59.330 [info] > git config --get --local branch.main.remote [1ms]
2025-08-23 15:15:59.330 [warning] [Git][config] git config failed: Failed to execute git
2025-08-23 15:15:59.348 [info] > git config --get --local branch.main.merge [9ms]
2025-08-23 15:15:59.348 [warning] [Git][config] git config failed: Failed to execute git
