Initializing document watcher...
Document watcher initialized
/User/settings.json: Using EditorConfig core...
bankstartup2025/home/bankstartup2025/.gitignore: {}
bankstartup2025/.gitignore: Using EditorConfig core...
No more open editors.
Untitled-1.ipynb: {}
Untitled-2.ipynb: {}
Untitled-2.ipynb: {}
Untitled-3.ipynb: {}
Untitled-2.ipynb: {}
Untitled-1.ipynb: {}
Untitled-2.ipynb: {}
Untitled-3.ipynb: {}
Untitled-1.ipynb: {}
Untitled-2.ipynb: {}
Untitled-1.ipynb: {}
Untitled-3.ipynb: {}
Untitled-1.ipynb: {}
Untitled-1.ipynb: {}
Untitled-2.ipynb: {}
Untitled-1.ipynb: {}
No more open editors.
No more open editors.
