[1756039222674] INFO  (ext): SQLTools is starting
[1756039222711] INFO  (ext): initializing language client...
[1756039222728] INFO  (ext): Registering client for languages [{"scheme":"sqltools"},{"language":"sql","scheme":"untitled"},{"language":"sql","scheme":"file"},{"language":"sql","scheme":"sqltools"}]
    ns: "lc"
[1756039222740] INFO  (ext): loading plugins...
[1756039222741] INFO  (ext): registering Formatter Plugin.
    plugin: {
      "name": "Formatter Plugin"
    }
[1756039222741] INFO  (ext): registering Connection Manager Plugin.
    plugin: {
      "name": "Connection Manager Plugin"
    }
[1756039222742] INFO  (ext): registering CodeLens Plugin.
    plugin: {
      "name": "CodeLens Plugin",
      "registeredLanguages": []
    }
[1756039222745] INFO  (ext): registering Dependency Manager Plugin.
    plugin: {
      "name": "Dependency Manager Plugin",
      "installingDrivers": []
    }
[1756039222747] INFO  (ext): Connection explorer changed. Will be updated.
    ns: "conn-man:explorer"
[1756039222747] INFO  (ext): registering History Manager Plugin.
    plugin: {
      "name": "History Manager Plugin"
    }
[1756039222748] INFO  (ext): registering Bookmarks Manager Plugin.
    plugin: {
      "name": "Bookmarks Manager Plugin"
    }
[1756039222749] INFO  (ext): registering Authentication Provider Plugin.
    plugin: {
      "name": "Authentication Provider Plugin",
      "isRegistered": false
    }
[1756039222750] INFO  (ext): registering Object Drop-in Provider (plugin).
    plugin: {
      "type": "plugin",
      "name": "Object Drop-in Provider",
      "isRegistered": false
    }
[1756039222751] INFO  (ext): SQLTools activation completed. 76.955756 ms
[1756039222752] INFO  (ext): Formatter Plugin registered!
[1756039222752] INFO  (ext): CodeLens Plugin registered!
[1756039222752] INFO  (ext): Dependency Manager Plugin registered!
[1756039222752] INFO  (ext): Connection Manager Plugin registered!
[1756039222752] INFO  (ext): History Manager Plugin registered!
[1756039222752] INFO  (ext): Bookmarks Manager Plugin registered!
[1756039222752] INFO  (ext): Authentication Provider Plugin registered!
[1756039222752] INFO  (ext): Object Drop-in Provider (plugin) registered!
[1756039222916] INFO  (ext): Connection explorer changed. Will be updated.
    ns: "conn-man:explorer"
[Error - 12:40:23 PM] Connection to server is erroring. Shutting down server.
[Error - 12:40:23 PM] Connection to server is erroring. Shutting down server.
[1756039223251] INFO  (ext): registering Google Cloud Spanner Driver Plugin (driver).
    plugin: {
      "extensionId": "google-cloud-spanner-ecosystem.google-cloud-spanner-driver",
      "name": "Google Cloud Spanner Driver Plugin",
      "type": "driver"
    }
[1756039225810] INFO  (ext): EXECUTING COMMAND => sqltools.refreshTree
[1756039225811] INFO  (ext): Connection explorer changed. Will be updated.
    ns: "conn-man:explorer"
[1756039225814] INFO  (ext): Connection explorer changed. Will be updated.
    ns: "conn-man:explorer"
[1756039227158] INFO  (ext): Connection explorer changed. Will be updated.
    ns: "conn-man:explorer"
[1756039362570] INFO  (ext): Connection explorer changed. Will be updated.
    ns: "conn-man:explorer"
