[Error - 12:40:39 PM] Client Cloud Code Yaml Support: connection to server is erroring.
spawn /google/devshell/editor/code-oss-for-cloud-shell/node EACCES
Shutting down server.
[Error - 12:40:39 PM] Client Cloud Code Yaml Support: connection to server is erroring.
spawn /google/devshell/editor/code-oss-for-cloud-shell/node EACCES
Shutting down server.
[Error - 12:40:39 PM] Client Cloud Code Yaml Support: connection to server is erroring.
write EPIPE
[Error - 12:40:39 PM] Stopping server failed
Error: Client is not running and can't be stopped. It's current state is: starting
    at S.shutdown (/google/devshell/editor/code-oss-for-cloud-shell/extensions/cloudcode/dist/extension.js:14:11537712)
    at S.stop (/google/devshell/editor/code-oss-for-cloud-shell/extensions/cloudcode/dist/extension.js:14:11537293)
    at S.stop (/google/devshell/editor/code-oss-for-cloud-shell/extensions/cloudcode/dist/extension.js:14:11703836)
    at S.handleConnectionError (/google/devshell/editor/code-oss-for-cloud-shell/extensions/cloudcode/dist/extension.js:14:11543812)
    at processTicksAndRejections (node:internal/process/task_queues:95:5)
[Error - 12:40:39 PM] Stopping server failed
Error: Client is not running and can't be stopped. It's current state is: starting
    at S.shutdown (/google/devshell/editor/code-oss-for-cloud-shell/extensions/cloudcode/dist/extension.js:14:11537712)
    at S.stop (/google/devshell/editor/code-oss-for-cloud-shell/extensions/cloudcode/dist/extension.js:14:11537293)
    at S.stop (/google/devshell/editor/code-oss-for-cloud-shell/extensions/cloudcode/dist/extension.js:14:11703836)
    at S.handleConnectionError (/google/devshell/editor/code-oss-for-cloud-shell/extensions/cloudcode/dist/extension.js:14:11543812)
    at processTicksAndRejections (node:internal/process/task_queues:95:5)
[Error - 12:40:39 PM] Server initialization failed.
  Message: Pending response rejected since connection got disposed
  Code: -32097 
[Info  - 12:40:39 PM] Connection to server got closed. Server will restart.
true
[Error - 12:40:39 PM] Cloud Code Yaml Support client: couldn't create connection to server.
  Message: Pending response rejected since connection got disposed
  Code: -32097 
[Error - 12:40:39 PM] Client Cloud Code Yaml Support: connection to server is erroring.
spawn /google/devshell/editor/code-oss-for-cloud-shell/node EACCES
Shutting down server.
[Error - 12:40:39 PM] Client Cloud Code Yaml Support: connection to server is erroring.
spawn /google/devshell/editor/code-oss-for-cloud-shell/node EACCES
Shutting down server.
[Error - 12:40:39 PM] Client Cloud Code Yaml Support: connection to server is erroring.
write EPIPE
[Error - 12:40:39 PM] Stopping server failed
Error: Client is not running and can't be stopped. It's current state is: startFailed
    at S.shutdown (/google/devshell/editor/code-oss-for-cloud-shell/extensions/cloudcode/dist/extension.js:14:11537712)
    at S.stop (/google/devshell/editor/code-oss-for-cloud-shell/extensions/cloudcode/dist/extension.js:14:11537293)
    at S.stop (/google/devshell/editor/code-oss-for-cloud-shell/extensions/cloudcode/dist/extension.js:14:11703836)
    at S.handleConnectionError (/google/devshell/editor/code-oss-for-cloud-shell/extensions/cloudcode/dist/extension.js:14:11543812)
    at processTicksAndRejections (node:internal/process/task_queues:95:5)
[Error - 12:40:39 PM] Stopping server failed
Error: Client is not running and can't be stopped. It's current state is: startFailed
    at S.shutdown (/google/devshell/editor/code-oss-for-cloud-shell/extensions/cloudcode/dist/extension.js:14:11537712)
    at S.stop (/google/devshell/editor/code-oss-for-cloud-shell/extensions/cloudcode/dist/extension.js:14:11537293)
    at S.stop (/google/devshell/editor/code-oss-for-cloud-shell/extensions/cloudcode/dist/extension.js:14:11703836)
    at S.handleConnectionError (/google/devshell/editor/code-oss-for-cloud-shell/extensions/cloudcode/dist/extension.js:14:11543812)
    at processTicksAndRejections (node:internal/process/task_queues:95:5)
[Error - 12:40:39 PM] Server initialization failed.
  Message: Pending response rejected since connection got disposed
  Code: -32097 
[Info  - 12:40:39 PM] Connection to server got closed. Server will restart.
true
[Error - 12:40:39 PM] Cloud Code Yaml Support client: couldn't create connection to server.
  Message: Pending response rejected since connection got disposed
  Code: -32097 
[Error - 12:40:40 PM] Client Cloud Code Yaml Support: connection to server is erroring.
spawn /google/devshell/editor/code-oss-for-cloud-shell/node EACCES
Shutting down server.
[Error - 12:40:40 PM] Client Cloud Code Yaml Support: connection to server is erroring.
spawn /google/devshell/editor/code-oss-for-cloud-shell/node EACCES
Shutting down server.
[Error - 12:40:40 PM] Client Cloud Code Yaml Support: connection to server is erroring.
write EPIPE
[Error - 12:40:40 PM] Stopping server failed
Error: Client is not running and can't be stopped. It's current state is: startFailed
    at S.shutdown (/google/devshell/editor/code-oss-for-cloud-shell/extensions/cloudcode/dist/extension.js:14:11537712)
    at S.stop (/google/devshell/editor/code-oss-for-cloud-shell/extensions/cloudcode/dist/extension.js:14:11537293)
    at S.stop (/google/devshell/editor/code-oss-for-cloud-shell/extensions/cloudcode/dist/extension.js:14:11703836)
    at S.handleConnectionError (/google/devshell/editor/code-oss-for-cloud-shell/extensions/cloudcode/dist/extension.js:14:11543812)
    at processTicksAndRejections (node:internal/process/task_queues:95:5)
[Error - 12:40:40 PM] Stopping server failed
Error: Client is not running and can't be stopped. It's current state is: startFailed
    at S.shutdown (/google/devshell/editor/code-oss-for-cloud-shell/extensions/cloudcode/dist/extension.js:14:11537712)
    at S.stop (/google/devshell/editor/code-oss-for-cloud-shell/extensions/cloudcode/dist/extension.js:14:11537293)
    at S.stop (/google/devshell/editor/code-oss-for-cloud-shell/extensions/cloudcode/dist/extension.js:14:11703836)
    at S.handleConnectionError (/google/devshell/editor/code-oss-for-cloud-shell/extensions/cloudcode/dist/extension.js:14:11543812)
    at processTicksAndRejections (node:internal/process/task_queues:95:5)
[Error - 12:40:40 PM] Server initialization failed.
  Message: Pending response rejected since connection got disposed
  Code: -32097 
[Info  - 12:40:40 PM] Connection to server got closed. Server will restart.
true
[Error - 12:40:40 PM] Cloud Code Yaml Support client: couldn't create connection to server.
  Message: Pending response rejected since connection got disposed
  Code: -32097 
[Error - 12:40:40 PM] Restarting server failed
  Message: Pending response rejected since connection got disposed
  Code: -32097 
[Error - 12:40:40 PM] Client Cloud Code Yaml Support: connection to server is erroring.
spawn /google/devshell/editor/code-oss-for-cloud-shell/node EACCES
Shutting down server.
[Error - 12:40:40 PM] Client Cloud Code Yaml Support: connection to server is erroring.
spawn /google/devshell/editor/code-oss-for-cloud-shell/node EACCES
Shutting down server.
[Error - 12:40:40 PM] Client Cloud Code Yaml Support: connection to server is erroring.
write EPIPE
[Error - 12:40:40 PM] Stopping server failed
Error: Client is not running and can't be stopped. It's current state is: startFailed
    at S.shutdown (/google/devshell/editor/code-oss-for-cloud-shell/extensions/cloudcode/dist/extension.js:14:11537712)
    at S.stop (/google/devshell/editor/code-oss-for-cloud-shell/extensions/cloudcode/dist/extension.js:14:11537293)
    at S.stop (/google/devshell/editor/code-oss-for-cloud-shell/extensions/cloudcode/dist/extension.js:14:11703836)
    at S.handleConnectionError (/google/devshell/editor/code-oss-for-cloud-shell/extensions/cloudcode/dist/extension.js:14:11543812)
    at processTicksAndRejections (node:internal/process/task_queues:95:5)
[Error - 12:40:40 PM] Stopping server failed
Error: Client is not running and can't be stopped. It's current state is: startFailed
    at S.shutdown (/google/devshell/editor/code-oss-for-cloud-shell/extensions/cloudcode/dist/extension.js:14:11537712)
    at S.stop (/google/devshell/editor/code-oss-for-cloud-shell/extensions/cloudcode/dist/extension.js:14:11537293)
    at S.stop (/google/devshell/editor/code-oss-for-cloud-shell/extensions/cloudcode/dist/extension.js:14:11703836)
    at S.handleConnectionError (/google/devshell/editor/code-oss-for-cloud-shell/extensions/cloudcode/dist/extension.js:14:11543812)
    at processTicksAndRejections (node:internal/process/task_queues:95:5)
[Error - 12:40:40 PM] Server initialization failed.
  Message: Pending response rejected since connection got disposed
  Code: -32097 
[Info  - 12:40:40 PM] Connection to server got closed. Server will restart.
true
[Error - 12:40:40 PM] Cloud Code Yaml Support client: couldn't create connection to server.
  Message: Pending response rejected since connection got disposed
  Code: -32097 
[Error - 12:40:40 PM] Restarting server failed
  Message: Pending response rejected since connection got disposed
  Code: -32097 
[Error - 12:40:40 PM] Client Cloud Code Yaml Support: connection to server is erroring.
spawn /google/devshell/editor/code-oss-for-cloud-shell/node EACCES
Shutting down server.
[Error - 12:40:40 PM] Client Cloud Code Yaml Support: connection to server is erroring.
spawn /google/devshell/editor/code-oss-for-cloud-shell/node EACCES
Shutting down server.
[Error - 12:40:40 PM] Client Cloud Code Yaml Support: connection to server is erroring.
write EPIPE
[Error - 12:40:40 PM] Stopping server failed
Error: Client is not running and can't be stopped. It's current state is: startFailed
    at S.shutdown (/google/devshell/editor/code-oss-for-cloud-shell/extensions/cloudcode/dist/extension.js:14:11537712)
    at S.stop (/google/devshell/editor/code-oss-for-cloud-shell/extensions/cloudcode/dist/extension.js:14:11537293)
    at S.stop (/google/devshell/editor/code-oss-for-cloud-shell/extensions/cloudcode/dist/extension.js:14:11703836)
    at S.handleConnectionError (/google/devshell/editor/code-oss-for-cloud-shell/extensions/cloudcode/dist/extension.js:14:11543812)
    at processTicksAndRejections (node:internal/process/task_queues:95:5)
[Error - 12:40:40 PM] Stopping server failed
Error: Client is not running and can't be stopped. It's current state is: startFailed
    at S.shutdown (/google/devshell/editor/code-oss-for-cloud-shell/extensions/cloudcode/dist/extension.js:14:11537712)
    at S.stop (/google/devshell/editor/code-oss-for-cloud-shell/extensions/cloudcode/dist/extension.js:14:11537293)
    at S.stop (/google/devshell/editor/code-oss-for-cloud-shell/extensions/cloudcode/dist/extension.js:14:11703836)
    at S.handleConnectionError (/google/devshell/editor/code-oss-for-cloud-shell/extensions/cloudcode/dist/extension.js:14:11543812)
    at processTicksAndRejections (node:internal/process/task_queues:95:5)
[Error - 12:40:40 PM] Server initialization failed.
  Message: Pending response rejected since connection got disposed
  Code: -32097 
[Error - 12:40:40 PM] The Cloud Code Yaml Support server crashed 5 times in the last 3 minutes. The server will not be restarted. See the output for more information.
[Error - 12:40:40 PM] Cloud Code Yaml Support client: couldn't create connection to server.
  Message: Pending response rejected since connection got disposed
  Code: -32097 
[Error - 12:40:40 PM] Restarting server failed
  Message: Pending response rejected since connection got disposed
  Code: -32097 
