[Error - 12:40:50 PM] Client Compose Language Server: connection to server is erroring.
spawn /google/devshell/editor/code-oss-for-cloud-shell/node EACCES
Shutting down server.
[Error - 12:40:50 PM] Client Compose Language Server: connection to server is erroring.
spawn /google/devshell/editor/code-oss-for-cloud-shell/node EACCES
Shutting down server.
[Error - 12:40:50 PM] Client Compose Language Server: connection to server is erroring.
write EPIPE
[Error - 12:40:50 PM] Stopping server failed
Error: Client is not running and can't be stopped. It's current state is: starting
    at LanguageClient.shutdown (/home/bankstartup2025/.codeoss/extensions/ms-azuretools.vscode-containers-2.1.0-universal/dist/extension.bundle.js:2:1643282)
    at LanguageClient.stop (/home/bankstartup2025/.codeoss/extensions/ms-azuretools.vscode-containers-2.1.0-universal/dist/extension.bundle.js:2:1642859)
    at LanguageClient.stop (/home/bankstartup2025/.codeoss/extensions/ms-azuretools.vscode-containers-2.1.0-universal/dist/extension.bundle.js:2:6123)
    at LanguageClient.handleConnectionError (/home/bankstartup2025/.codeoss/extensions/ms-azuretools.vscode-containers-2.1.0-universal/dist/extension.bundle.js:2:1649479)
    at processTicksAndRejections (node:internal/process/task_queues:95:5)
[Error - 12:40:50 PM] Stopping server failed
Error: Client is not running and can't be stopped. It's current state is: starting
    at LanguageClient.shutdown (/home/bankstartup2025/.codeoss/extensions/ms-azuretools.vscode-containers-2.1.0-universal/dist/extension.bundle.js:2:1643282)
    at LanguageClient.stop (/home/bankstartup2025/.codeoss/extensions/ms-azuretools.vscode-containers-2.1.0-universal/dist/extension.bundle.js:2:1642859)
    at LanguageClient.stop (/home/bankstartup2025/.codeoss/extensions/ms-azuretools.vscode-containers-2.1.0-universal/dist/extension.bundle.js:2:6123)
    at LanguageClient.handleConnectionError (/home/bankstartup2025/.codeoss/extensions/ms-azuretools.vscode-containers-2.1.0-universal/dist/extension.bundle.js:2:1649479)
    at processTicksAndRejections (node:internal/process/task_queues:95:5)
[Error - 12:40:50 PM] Server initialization failed.
  Message: Pending response rejected since connection got disposed
  Code: -32097 
[Info  - 12:40:50 PM] Connection to server got closed. Server will restart.
true
[Error - 12:40:50 PM] Compose Language Server client: couldn't create connection to server.
  Message: Pending response rejected since connection got disposed
  Code: -32097 
[Error - 12:40:50 PM] Client Compose Language Server: connection to server is erroring.
spawn /google/devshell/editor/code-oss-for-cloud-shell/node EACCES
Shutting down server.
[Error - 12:40:50 PM] Client Compose Language Server: connection to server is erroring.
spawn /google/devshell/editor/code-oss-for-cloud-shell/node EACCES
Shutting down server.
[Error - 12:40:50 PM] Client Compose Language Server: connection to server is erroring.
write EPIPE
[Error - 12:40:50 PM] Stopping server failed
Error: Client is not running and can't be stopped. It's current state is: startFailed
    at LanguageClient.shutdown (/home/bankstartup2025/.codeoss/extensions/ms-azuretools.vscode-containers-2.1.0-universal/dist/extension.bundle.js:2:1643282)
    at LanguageClient.stop (/home/bankstartup2025/.codeoss/extensions/ms-azuretools.vscode-containers-2.1.0-universal/dist/extension.bundle.js:2:1642859)
    at LanguageClient.stop (/home/bankstartup2025/.codeoss/extensions/ms-azuretools.vscode-containers-2.1.0-universal/dist/extension.bundle.js:2:6123)
    at LanguageClient.handleConnectionError (/home/bankstartup2025/.codeoss/extensions/ms-azuretools.vscode-containers-2.1.0-universal/dist/extension.bundle.js:2:1649479)
    at processTicksAndRejections (node:internal/process/task_queues:95:5)
[Error - 12:40:50 PM] Stopping server failed
Error: Client is not running and can't be stopped. It's current state is: startFailed
    at LanguageClient.shutdown (/home/bankstartup2025/.codeoss/extensions/ms-azuretools.vscode-containers-2.1.0-universal/dist/extension.bundle.js:2:1643282)
    at LanguageClient.stop (/home/bankstartup2025/.codeoss/extensions/ms-azuretools.vscode-containers-2.1.0-universal/dist/extension.bundle.js:2:1642859)
    at LanguageClient.stop (/home/bankstartup2025/.codeoss/extensions/ms-azuretools.vscode-containers-2.1.0-universal/dist/extension.bundle.js:2:6123)
    at LanguageClient.handleConnectionError (/home/bankstartup2025/.codeoss/extensions/ms-azuretools.vscode-containers-2.1.0-universal/dist/extension.bundle.js:2:1649479)
    at processTicksAndRejections (node:internal/process/task_queues:95:5)
[Error - 12:40:50 PM] Server initialization failed.
  Message: Pending response rejected since connection got disposed
  Code: -32097 
[Info  - 12:40:50 PM] Connection to server got closed. Server will restart.
true
[Error - 12:40:50 PM] Compose Language Server client: couldn't create connection to server.
  Message: Pending response rejected since connection got disposed
  Code: -32097 
[Error - 12:40:50 PM] Client Compose Language Server: connection to server is erroring.
spawn /google/devshell/editor/code-oss-for-cloud-shell/node EACCES
Shutting down server.
[Error - 12:40:50 PM] Client Compose Language Server: connection to server is erroring.
spawn /google/devshell/editor/code-oss-for-cloud-shell/node EACCES
Shutting down server.
[Error - 12:40:50 PM] Client Compose Language Server: connection to server is erroring.
write EPIPE
[Error - 12:40:50 PM] Stopping server failed
Error: Client is not running and can't be stopped. It's current state is: startFailed
    at LanguageClient.shutdown (/home/bankstartup2025/.codeoss/extensions/ms-azuretools.vscode-containers-2.1.0-universal/dist/extension.bundle.js:2:1643282)
    at LanguageClient.stop (/home/bankstartup2025/.codeoss/extensions/ms-azuretools.vscode-containers-2.1.0-universal/dist/extension.bundle.js:2:1642859)
    at LanguageClient.stop (/home/bankstartup2025/.codeoss/extensions/ms-azuretools.vscode-containers-2.1.0-universal/dist/extension.bundle.js:2:6123)
    at LanguageClient.handleConnectionError (/home/bankstartup2025/.codeoss/extensions/ms-azuretools.vscode-containers-2.1.0-universal/dist/extension.bundle.js:2:1649479)
    at processTicksAndRejections (node:internal/process/task_queues:95:5)
[Error - 12:40:50 PM] Stopping server failed
Error: Client is not running and can't be stopped. It's current state is: startFailed
    at LanguageClient.shutdown (/home/bankstartup2025/.codeoss/extensions/ms-azuretools.vscode-containers-2.1.0-universal/dist/extension.bundle.js:2:1643282)
    at LanguageClient.stop (/home/bankstartup2025/.codeoss/extensions/ms-azuretools.vscode-containers-2.1.0-universal/dist/extension.bundle.js:2:1642859)
    at LanguageClient.stop (/home/bankstartup2025/.codeoss/extensions/ms-azuretools.vscode-containers-2.1.0-universal/dist/extension.bundle.js:2:6123)
    at LanguageClient.handleConnectionError (/home/bankstartup2025/.codeoss/extensions/ms-azuretools.vscode-containers-2.1.0-universal/dist/extension.bundle.js:2:1649479)
    at processTicksAndRejections (node:internal/process/task_queues:95:5)
[Error - 12:40:50 PM] Server initialization failed.
  Message: Pending response rejected since connection got disposed
  Code: -32097 
[Info  - 12:40:50 PM] Connection to server got closed. Server will restart.
true
[Error - 12:40:50 PM] Compose Language Server client: couldn't create connection to server.
  Message: Pending response rejected since connection got disposed
  Code: -32097 
[Error - 12:40:50 PM] Restarting server failed
  Message: Pending response rejected since connection got disposed
  Code: -32097 
[Error - 12:40:50 PM] Client Compose Language Server: connection to server is erroring.
spawn /google/devshell/editor/code-oss-for-cloud-shell/node EACCES
Shutting down server.
[Error - 12:40:50 PM] Client Compose Language Server: connection to server is erroring.
spawn /google/devshell/editor/code-oss-for-cloud-shell/node EACCES
Shutting down server.
[Error - 12:40:50 PM] Client Compose Language Server: connection to server is erroring.
write EPIPE
[Error - 12:40:50 PM] Stopping server failed
Error: Client is not running and can't be stopped. It's current state is: startFailed
    at LanguageClient.shutdown (/home/bankstartup2025/.codeoss/extensions/ms-azuretools.vscode-containers-2.1.0-universal/dist/extension.bundle.js:2:1643282)
    at LanguageClient.stop (/home/bankstartup2025/.codeoss/extensions/ms-azuretools.vscode-containers-2.1.0-universal/dist/extension.bundle.js:2:1642859)
    at LanguageClient.stop (/home/bankstartup2025/.codeoss/extensions/ms-azuretools.vscode-containers-2.1.0-universal/dist/extension.bundle.js:2:6123)
    at LanguageClient.handleConnectionError (/home/bankstartup2025/.codeoss/extensions/ms-azuretools.vscode-containers-2.1.0-universal/dist/extension.bundle.js:2:1649479)
    at processTicksAndRejections (node:internal/process/task_queues:95:5)
[Error - 12:40:50 PM] Stopping server failed
Error: Client is not running and can't be stopped. It's current state is: startFailed
    at LanguageClient.shutdown (/home/bankstartup2025/.codeoss/extensions/ms-azuretools.vscode-containers-2.1.0-universal/dist/extension.bundle.js:2:1643282)
    at LanguageClient.stop (/home/bankstartup2025/.codeoss/extensions/ms-azuretools.vscode-containers-2.1.0-universal/dist/extension.bundle.js:2:1642859)
    at LanguageClient.stop (/home/bankstartup2025/.codeoss/extensions/ms-azuretools.vscode-containers-2.1.0-universal/dist/extension.bundle.js:2:6123)
    at LanguageClient.handleConnectionError (/home/bankstartup2025/.codeoss/extensions/ms-azuretools.vscode-containers-2.1.0-universal/dist/extension.bundle.js:2:1649479)
    at processTicksAndRejections (node:internal/process/task_queues:95:5)
[Error - 12:40:50 PM] Server initialization failed.
  Message: Pending response rejected since connection got disposed
  Code: -32097 
[Info  - 12:40:50 PM] Connection to server got closed. Server will restart.
true
[Error - 12:40:50 PM] Compose Language Server client: couldn't create connection to server.
  Message: Pending response rejected since connection got disposed
  Code: -32097 
[Error - 12:40:50 PM] Restarting server failed
  Message: Pending response rejected since connection got disposed
  Code: -32097 
[Error - 12:40:50 PM] Client Compose Language Server: connection to server is erroring.
spawn /google/devshell/editor/code-oss-for-cloud-shell/node EACCES
Shutting down server.
[Error - 12:40:50 PM] Client Compose Language Server: connection to server is erroring.
spawn /google/devshell/editor/code-oss-for-cloud-shell/node EACCES
Shutting down server.
[Error - 12:40:50 PM] Client Compose Language Server: connection to server is erroring.
write EPIPE
[Error - 12:40:50 PM] Stopping server failed
Error: Client is not running and can't be stopped. It's current state is: startFailed
    at LanguageClient.shutdown (/home/bankstartup2025/.codeoss/extensions/ms-azuretools.vscode-containers-2.1.0-universal/dist/extension.bundle.js:2:1643282)
    at LanguageClient.stop (/home/bankstartup2025/.codeoss/extensions/ms-azuretools.vscode-containers-2.1.0-universal/dist/extension.bundle.js:2:1642859)
    at LanguageClient.stop (/home/bankstartup2025/.codeoss/extensions/ms-azuretools.vscode-containers-2.1.0-universal/dist/extension.bundle.js:2:6123)
    at LanguageClient.handleConnectionError (/home/bankstartup2025/.codeoss/extensions/ms-azuretools.vscode-containers-2.1.0-universal/dist/extension.bundle.js:2:1649479)
    at processTicksAndRejections (node:internal/process/task_queues:95:5)
[Error - 12:40:50 PM] Stopping server failed
Error: Client is not running and can't be stopped. It's current state is: startFailed
    at LanguageClient.shutdown (/home/bankstartup2025/.codeoss/extensions/ms-azuretools.vscode-containers-2.1.0-universal/dist/extension.bundle.js:2:1643282)
    at LanguageClient.stop (/home/bankstartup2025/.codeoss/extensions/ms-azuretools.vscode-containers-2.1.0-universal/dist/extension.bundle.js:2:1642859)
    at LanguageClient.stop (/home/bankstartup2025/.codeoss/extensions/ms-azuretools.vscode-containers-2.1.0-universal/dist/extension.bundle.js:2:6123)
    at LanguageClient.handleConnectionError (/home/bankstartup2025/.codeoss/extensions/ms-azuretools.vscode-containers-2.1.0-universal/dist/extension.bundle.js:2:1649479)
    at processTicksAndRejections (node:internal/process/task_queues:95:5)
[Error - 12:40:50 PM] Server initialization failed.
  Message: Pending response rejected since connection got disposed
  Code: -32097 
[Error - 12:40:50 PM] The Compose Language Server server crashed 5 times in the last 3 minutes. The server will not be restarted. See the output for more information.
[Error - 12:40:50 PM] Compose Language Server client: couldn't create connection to server.
  Message: Pending response rejected since connection got disposed
  Code: -32097 
[Error - 12:40:50 PM] Restarting server failed
  Message: Pending response rejected since connection got disposed
  Code: -32097 
