2025-08-23 15:00:18.932 [info] [main] Log level: Info
2025-08-23 15:00:18.932 [info] [main] Validating found git in: "git"
2025-08-23 15:00:18.932 [info] [main] Using git "2.43.0" from "git"
2025-08-23 15:00:18.932 [info] [Model][doInitialScan] Initial repository scan started
2025-08-23 15:00:18.932 [info] > git rev-parse --show-toplevel [2272ms]
2025-08-23 15:00:18.932 [info] fatal: not a git repository (or any parent up to mount point /)
Stopping at filesystem boundary (GIT_DISCOVERY_ACROSS_FILESYSTEM not set).
2025-08-23 15:00:18.949 [info] > git rev-parse --show-toplevel [5ms]
2025-08-23 15:00:18.949 [info] fatal: not a git repository (or any parent up to mount point /)
Stopping at filesystem boundary (GIT_DISCOVERY_ACROSS_FILESYSTEM not set).
2025-08-23 15:00:19.030 [info] > git rev-parse --show-toplevel [75ms]
2025-08-23 15:00:19.030 [info] fatal: not a git repository (or any parent up to mount point /)
Stopping at filesystem boundary (GIT_DISCOVERY_ACROSS_FILESYSTEM not set).
2025-08-23 15:00:19.038 [info] > git rev-parse --show-toplevel [2ms]
2025-08-23 15:00:19.038 [info] fatal: not a git repository (or any parent up to mount point /)
Stopping at filesystem boundary (GIT_DISCOVERY_ACROSS_FILESYSTEM not set).
2025-08-23 15:00:19.076 [info] > git rev-parse --show-toplevel [16ms]
2025-08-23 15:00:19.076 [info] fatal: not a git repository (or any parent up to mount point /)
Stopping at filesystem boundary (GIT_DISCOVERY_ACROSS_FILESYSTEM not set).
2025-08-23 15:00:21.886 [info] > git rev-parse --show-toplevel [2582ms]
2025-08-23 15:00:21.886 [info] fatal: not a git repository (or any parent up to mount point /)
Stopping at filesystem boundary (GIT_DISCOVERY_ACROSS_FILESYSTEM not set).
2025-08-23 15:00:21.907 [info] > git rev-parse --show-toplevel [10ms]
2025-08-23 15:00:21.907 [info] fatal: not a git repository (or any parent up to mount point /)
Stopping at filesystem boundary (GIT_DISCOVERY_ACROSS_FILESYSTEM not set).
2025-08-23 15:00:21.917 [info] > git rev-parse --show-toplevel [3ms]
2025-08-23 15:00:21.918 [info] fatal: not a git repository (or any parent up to mount point /)
Stopping at filesystem boundary (GIT_DISCOVERY_ACROSS_FILESYSTEM not set).
2025-08-23 15:00:22.044 [info] > git rev-parse --show-toplevel [120ms]
2025-08-23 15:00:22.045 [info] fatal: not a git repository (or any parent up to mount point /)
Stopping at filesystem boundary (GIT_DISCOVERY_ACROSS_FILESYSTEM not set).
2025-08-23 15:00:22.056 [info] > git rev-parse --show-toplevel [4ms]
2025-08-23 15:00:22.056 [info] fatal: not a git repository (or any parent up to mount point /)
Stopping at filesystem boundary (GIT_DISCOVERY_ACROSS_FILESYSTEM not set).
2025-08-23 15:00:22.071 [info] > git rev-parse --show-toplevel [5ms]
2025-08-23 15:00:22.071 [info] fatal: not a git repository (or any parent up to mount point /)
Stopping at filesystem boundary (GIT_DISCOVERY_ACROSS_FILESYSTEM not set).
2025-08-23 15:00:22.105 [info] > git rev-parse --show-toplevel [15ms]
2025-08-23 15:00:22.105 [info] fatal: not a git repository (or any parent up to mount point /)
Stopping at filesystem boundary (GIT_DISCOVERY_ACROSS_FILESYSTEM not set).
2025-08-23 15:00:22.106 [info] [Model][doInitialScan] Initial repository scan completed - repositories (0), closed repositories (0), parent repositories (0), unsafe repositories (0)
2025-08-23 15:00:22.115 [info] > git rev-parse --show-toplevel [2ms]
2025-08-23 15:00:22.116 [info] fatal: not a git repository (or any parent up to mount point /)
Stopping at filesystem boundary (GIT_DISCOVERY_ACROSS_FILESYSTEM not set).
2025-08-23 15:02:22.138 [info] > git init -b main [34ms]
2025-08-23 15:02:22.146 [info] > git rev-parse --show-toplevel [1ms]
2025-08-23 15:02:22.156 [info] > git rev-parse --git-dir --git-common-dir [1ms]
2025-08-23 15:02:22.170 [info] [Model][openRepository] Opened repository (path): /home/bankstartup2025
2025-08-23 15:02:22.170 [info] [Model][openRepository] Opened repository (real path): /home/bankstartup2025
2025-08-23 15:02:22.183 [info] > git config --get commit.template [1ms]
2025-08-23 15:02:22.192 [info] [Git][getRemotes] No remotes found in the git config file
2025-08-23 15:02:22.193 [info] > git for-each-ref --format=%(refname)%00%(upstream:short)%00%(objectname)%00%(upstream:track)%00%(upstream:remotename)%00%(upstream:remoteref) refs/heads/main refs/remotes/main [3ms]
2025-08-23 15:02:22.194 [warning] [Git][getBranch] No such branch: main
2025-08-23 15:02:22.215 [info] > git for-each-ref --sort -committerdate --format %(refname)%00%(objectname)%00%(*objectname) [3ms]
2025-08-23 15:02:22.445 [info] > git status -z -uall [241ms] (cancelled)
2025-08-23 15:02:22.446 [info] > git check-ignore -v -z --stdin [2ms]
2025-08-23 15:02:24.176 [info] > git for-each-ref --format=%(refname)%00%(upstream:short)%00%(objectname)%00%(upstream:track)%00%(upstream:remotename)%00%(upstream:remoteref) refs/heads/main refs/remotes/main [1589ms]
2025-08-23 15:02:24.177 [warning] [Git][getBranch] No such branch: main
2025-08-23 15:02:24.178 [error] [GitHistoryProvider][resolveHEADMergeBase] Failed to resolve merge base for main: Error: No such branch: main.
2025-08-23 15:02:24.217 [info] > git config --get commit.template [53ms]
2025-08-23 15:02:24.230 [info] [Git][getRemotes] No remotes found in the git config file
2025-08-23 15:02:24.232 [info] > git for-each-ref --format=%(refname)%00%(upstream:short)%00%(objectname)%00%(upstream:track)%00%(upstream:remotename)%00%(upstream:remoteref) refs/heads/main refs/remotes/main [2ms]
2025-08-23 15:02:24.232 [warning] [Git][getBranch] No such branch: main
2025-08-23 15:02:24.270 [info] > git for-each-ref --sort -committerdate --format %(refname)%00%(objectname)%00%(*objectname) [6ms]
2025-08-23 15:02:24.609 [info] > git status -z -uall [363ms] (cancelled)
2025-08-23 15:02:24.609 [info] > git check-ignore -v -z --stdin [4ms]
2025-08-23 15:02:26.855 [info] > git check-ignore -v -z --stdin [2ms]
2025-08-23 15:02:28.410 [info] > git config --get commit.template [3ms]
2025-08-23 15:02:28.417 [info] [Git][getRemotes] No remotes found in the git config file
2025-08-23 15:02:28.418 [info] > git for-each-ref --format=%(refname)%00%(upstream:short)%00%(objectname)%00%(upstream:track)%00%(upstream:remotename)%00%(upstream:remoteref) refs/heads/main refs/remotes/main [2ms]
2025-08-23 15:02:28.418 [warning] [Git][getBranch] No such branch: main
2025-08-23 15:02:28.434 [info] > git for-each-ref --sort -committerdate --format %(refname)%00%(objectname)%00%(*objectname) [2ms]
2025-08-23 15:02:28.622 [info] > git status -z -uall [197ms] (cancelled)
2025-08-23 15:02:28.624 [info] > git check-ignore -v -z --stdin [1ms]
2025-08-23 15:02:30.292 [info] > git config --get commit.template [1538ms]
2025-08-23 15:02:30.328 [info] [Git][getRemotes] No remotes found in the git config file
2025-08-23 15:02:30.332 [info] > git for-each-ref --format=%(refname)%00%(upstream:short)%00%(objectname)%00%(upstream:track)%00%(upstream:remotename)%00%(upstream:remoteref) refs/heads/main refs/remotes/main [5ms]
2025-08-23 15:02:30.332 [warning] [Git][getBranch] No such branch: main
2025-08-23 15:02:30.351 [info] > git for-each-ref --sort -committerdate --format %(refname)%00%(objectname)%00%(*objectname) [3ms]
2025-08-23 15:02:30.509 [info] > git status -z -uall [169ms]
2025-08-23 15:03:38.992 [info] > git log --format=%H%n%aN%n%aE%n%at%n%ct%n%P%n%D%n%B -z --shortstat --diff-merges=first-parent -n50 --skip=0 --topo-order --decorate=full --stdin [31ms]
2025-08-23 15:03:38.992 [info] fatal: bad revision 'refs/heads/main'
2025-08-23 15:03:38.992 [error] [GitHistoryProvider][provideHistoryItems] Failed to get history items with options '{"historyItemRefs":["refs/heads/main"],"limit":50,"skip":0}': Failed to execute git {
  "exitCode": 128,
  "gitCommand": "log",
  "stdout": "",
  "stderr": "fatal: bad revision 'refs/heads/main'\n"
}
2025-08-23 15:03:39.479 [info] > git check-ignore -v -z --stdin [2ms]
2025-08-23 15:03:52.741 [info] > git config --get --local branch.main.github-pr-owner-number [2ms]
2025-08-23 15:03:52.741 [warning] [Git][config] git config failed: Failed to execute git
2025-08-23 15:03:52.751 [info] > git config --get --local branch.main.remote [2ms]
2025-08-23 15:03:52.751 [warning] [Git][config] git config failed: Failed to execute git
2025-08-23 15:03:52.761 [info] > git config --get --local branch.main.merge [2ms]
2025-08-23 15:03:52.761 [warning] [Git][config] git config failed: Failed to execute git
