[1755961759812] INFO  (ext): SQLTools is starting
[1755961759814] INFO  (ext): initializing language client...
[1755961759816] INFO  (ext): Registering client for languages [{"scheme":"sqltools"},{"language":"sql","scheme":"untitled"},{"language":"sql","scheme":"file"},{"language":"sql","scheme":"sqltools"}]
    ns: "lc"
[1755961759823] INFO  (ext): loading plugins...
[1755961759824] INFO  (ext): registering Formatter Plugin.
    plugin: {
      "name": "Formatter Plugin"
    }
[1755961759824] INFO  (ext): registering Connection Manager Plugin.
    plugin: {
      "name": "Connection Manager Plugin"
    }
[1755961759824] INFO  (ext): registering CodeLens Plugin.
    plugin: {
      "name": "CodeLens Plugin",
      "registeredLanguages": []
    }
[1755961759826] INFO  (ext): registering Dependency Manager Plugin.
    plugin: {
      "name": "Dependency Manager Plugin",
      "installingDrivers": []
    }
[1755961759827] INFO  (ext): Connection explorer changed. Will be updated.
    ns: "conn-man:explorer"
[1755961759827] INFO  (ext): registering History Manager Plugin.
    plugin: {
      "name": "History Manager Plugin"
    }
[1755961759828] INFO  (ext): registering Bookmarks Manager Plugin.
    plugin: {
      "name": "Bookmarks Manager Plugin"
    }
[1755961759829] INFO  (ext): registering Authentication Provider Plugin.
    plugin: {
      "name": "Authentication Provider Plugin",
      "isRegistered": false
    }
[1755961759830] INFO  (ext): registering Object Drop-in Provider (plugin).
    plugin: {
      "type": "plugin",
      "name": "Object Drop-in Provider",
      "isRegistered": false
    }
[1755961759831] INFO  (ext): SQLTools activation completed. 19.126852 ms
[1755961759831] INFO  (ext): Formatter Plugin registered!
[1755961759831] INFO  (ext): CodeLens Plugin registered!
[1755961759831] INFO  (ext): Dependency Manager Plugin registered!
[1755961759831] INFO  (ext): Connection Manager Plugin registered!
[1755961759831] INFO  (ext): History Manager Plugin registered!
[1755961759832] INFO  (ext): Bookmarks Manager Plugin registered!
[1755961759832] INFO  (ext): Authentication Provider Plugin registered!
[1755961759832] INFO  (ext): Object Drop-in Provider (plugin) registered!
[1755961759909] INFO  (ext): registering Google Cloud Spanner Driver Plugin (driver).
    plugin: {
      "extensionId": "google-cloud-spanner-ecosystem.google-cloud-spanner-driver",
      "name": "Google Cloud Spanner Driver Plugin",
      "type": "driver"
    }
[1755961760000] INFO  (ls): SQLTools Server started!
===============================
Using node runtime?: no
ExecPath: /google/devshell/editor/code-oss-for-cloud-shell/node 
===============================
[1755961760011] INFO  (ext): LanguageClient ready
    ns: "lc"
[1755961760008] INFO  (ls): Initialized with node version:v20.19.0
[1755961760014] INFO  (ls): REQUEST RECEIVED => ls/RegisterPlugin
[1755961760015] INFO  (ls): request to register plugin: "/home/bankstartup2025/.codeoss/extensions/google-cloud-spanner-ecosystem.google-cloud-spanner-driver-0.4.1-universal/out/ls/plugin.js"
[1755961760454] INFO  (ls): Driver google cloud spanner driver registered!
    place: "driver-map"
    ns: "ls-context"
[1755961760455] INFO  (ext): Google Cloud Spanner Driver Plugin (driver) registered!
[1755961761455] INFO  (ext): EXECUTING COMMAND => sqltools.refreshTree
[1755961761455] INFO  (ext): Connection explorer changed. Will be updated.
    ns: "conn-man:explorer"
[1755961761828] INFO  (ext): Connection explorer changed. Will be updated.
    ns: "conn-man:explorer"
[1755962027390] INFO  (ext): Connection explorer changed. Will be updated.
    ns: "conn-man:explorer"
