2025-08-23 15:03:28.959 [warning] Dir "/home/bankstartup2025/.pixi/envs" is not watchable (directory does not exist)
2025-08-23 15:03:28.959 [info] Starting Environment refresh
2025-08-23 15:03:28.959 [info] Searching for interpreters in posix paths locator
2025-08-23 15:03:28.959 [info] Searching for pyenv environments
2025-08-23 15:03:28.959 [info] Searching for conda environments
2025-08-23 15:03:28.959 [info] Searching for global virtual environments
2025-08-23 15:03:28.959 [info] Searching for custom virtual environments
2025-08-23 15:03:28.959 [info] pyenv is not installed
2025-08-23 15:03:28.959 [info] Finished searching for pyenv environments: 43 milliseconds
2025-08-23 15:03:28.959 [info] Finished searching for custom virtual envs: 42 milliseconds
2025-08-23 15:03:28.959 [info] > conda info --json
2025-08-23 15:03:28.959 [info] > hatch env show --json
2025-08-23 15:03:28.959 [info] cwd: .
2025-08-23 15:03:28.959 [info] > pyenv which python
2025-08-23 15:03:28.959 [info] cwd: .
2025-08-23 15:03:28.959 [info] Finished searching for global virtual envs: 84 milliseconds
2025-08-23 15:03:28.960 [info] Found: /bin/python --> /bin/python3.12
2025-08-23 15:03:28.968 [info] Found: /bin/python3 --> /bin/python3.12
2025-08-23 15:03:28.969 [info] Found: /bin/python3.12 --> /bin/python3.12
2025-08-23 15:03:28.993 [info] Found: /usr/bin/python --> /usr/bin/python3.12
2025-08-23 15:03:28.995 [info] Found: /usr/bin/python3 --> /usr/bin/python3.12
2025-08-23 15:03:28.995 [info] Found: /usr/bin/python3.12 --> /usr/bin/python3.12
2025-08-23 15:03:29.095 [info] Finished searching for interpreters in posix paths locator: 241 milliseconds
2025-08-23 15:03:29.095 [info] > /bin/python -I /google/devshell/editor/code-oss-for-cloud-shell/extensions/ms-python.python/python_files/get_output_via_markers.py /google/devshell/editor/code-oss-for-cloud-shell/extensions/ms-python.python/python_files/interpreterInfo.py
2025-08-23 15:03:29.183 [info] > /usr/bin/python -I /google/devshell/editor/code-oss-for-cloud-shell/extensions/ms-python.python/python_files/get_output_via_markers.py /google/devshell/editor/code-oss-for-cloud-shell/extensions/ms-python.python/python_files/interpreterInfo.py
2025-08-23 15:03:29.213 [info] Environments refresh paths discovered (event): 369 milliseconds
2025-08-23 15:03:29.216 [info] Environments refresh paths discovered: 372 milliseconds
2025-08-23 15:03:29.258 [info] Environments refresh finished (event): 414 milliseconds
2025-08-23 15:03:29.279 [info] Environment refresh took 433 milliseconds
2025-08-23 15:03:29.304 [info] Python interpreter path: /bin/python
2025-08-23 15:03:31.655 [info] Starting Jedi language server for bankstartup2025.
