[1755965039458] INFO  (ext): SQLTools is starting
[1755965039461] INFO  (ext): initializing language client...
[1755965039468] INFO  (ext): Registering client for languages [{"scheme":"sqltools"},{"language":"sql","scheme":"untitled"},{"language":"sql","scheme":"file"},{"language":"sql","scheme":"sqltools"}]
    ns: "lc"
[1755965039479] INFO  (ext): loading plugins...
[1755965039480] INFO  (ext): registering Formatter Plugin.
    plugin: {
      "name": "Formatter Plugin"
    }
[1755965039481] INFO  (ext): registering Connection Manager Plugin.
    plugin: {
      "name": "Connection Manager Plugin"
    }
[1755965039482] INFO  (ext): registering CodeLens Plugin.
    plugin: {
      "name": "CodeLens Plugin",
      "registeredLanguages": []
    }
[1755965039484] INFO  (ext): registering Dependency Manager Plugin.
    plugin: {
      "name": "Dependency Manager Plugin",
      "installingDrivers": []
    }
[1755965039486] INFO  (ext): Connection explorer changed. Will be updated.
    ns: "conn-man:explorer"
[1755965039486] INFO  (ext): registering History Manager Plugin.
    plugin: {
      "name": "History Manager Plugin"
    }
[1755965039487] INFO  (ext): registering Bookmarks Manager Plugin.
    plugin: {
      "name": "Bookmarks Manager Plugin"
    }
[1755965039489] INFO  (ext): registering Authentication Provider Plugin.
    plugin: {
      "name": "Authentication Provider Plugin",
      "isRegistered": false
    }
[1755965039490] INFO  (ext): registering Object Drop-in Provider (plugin).
    plugin: {
      "type": "plugin",
      "name": "Object Drop-in Provider",
      "isRegistered": false
    }
[1755965039492] INFO  (ext): SQLTools activation completed. 32.994235 ms
[1755965039492] INFO  (ext): Formatter Plugin registered!
[1755965039492] INFO  (ext): CodeLens Plugin registered!
[1755965039492] INFO  (ext): Dependency Manager Plugin registered!
[1755965039492] INFO  (ext): Connection Manager Plugin registered!
[1755965039493] INFO  (ext): History Manager Plugin registered!
[1755965039493] INFO  (ext): Bookmarks Manager Plugin registered!
[1755965039493] INFO  (ext): Authentication Provider Plugin registered!
[1755965039493] INFO  (ext): Object Drop-in Provider (plugin) registered!
[1755965039685] INFO  (ext): Connection explorer changed. Will be updated.
    ns: "conn-man:explorer"
[1755965039929] INFO  (ext): registering Google Cloud Spanner Driver Plugin (driver).
    plugin: {
      "extensionId": "google-cloud-spanner-ecosystem.google-cloud-spanner-driver",
      "name": "Google Cloud Spanner Driver Plugin",
      "type": "driver"
    }
[1755965039818] INFO  (ls): SQLTools Server started!
===============================
Using node runtime?: no
ExecPath: /google/devshell/editor/code-oss-for-cloud-shell/node 
===============================
[1755965039941] INFO  (ext): LanguageClient ready
    ns: "lc"
[1755965039940] INFO  (ls): Initialized with node version:v20.19.0
[1755965039944] INFO  (ls): REQUEST RECEIVED => ls/RegisterPlugin
[1755965039944] INFO  (ls): request to register plugin: "/home/bankstartup2025/.codeoss/extensions/google-cloud-spanner-ecosystem.google-cloud-spanner-driver-0.4.1-universal/out/ls/plugin.js"
[1755965040222] INFO  (ext): Connection explorer changed. Will be updated.
    ns: "conn-man:explorer"
[1755965044427] INFO  (ext): EXECUTING COMMAND => sqltools.refreshTree
[1755965044428] INFO  (ext): Connection explorer changed. Will be updated.
    ns: "conn-man:explorer"
[1755965044429] INFO  (ext): Connection explorer changed. Will be updated.
    ns: "conn-man:explorer"
[1755965040591] INFO  (ls): Driver google cloud spanner driver registered!
    place: "driver-map"
    ns: "ls-context"
[1755965044460] INFO  (ext): Google Cloud Spanner Driver Plugin (driver) registered!
[1755965046845] INFO  (ext): EXECUTING COMMAND => sqltools.refreshTree
[1755965046845] INFO  (ext): Connection explorer changed. Will be updated.
    ns: "conn-man:explorer"
[1755965052042] INFO  (ext): Connection explorer changed. Will be updated.
    ns: "conn-man:explorer"
[1755965054215] INFO  (ext): Connection explorer changed. Will be updated.
    ns: "conn-man:explorer"
[1755965095660] INFO  (ext): EXECUTING COMMAND => sqltools.selectConnection
[1755965095663] INFO  (ls): REQUEST RECEIVED => connection/GetConnectionsRequest
[1755965099395] INFO  (ext): EXECUTING COMMAND => sqltools.openAddConnectionScreen
[1755965100809] INFO  (ext): getting extension google-cloud-spanner-ecosystem.google-cloud-spanner-driver information.
    ns: "ext-util"
[1755965100810] INFO  (ext): loaded extension information google-cloud-spanner-ecosystem.google-cloud-spanner-driver for driver Google Cloud Spanner Driver.
    ns: "ext-util"
[1755965191232] INFO  (ext): Connection explorer changed. Will be updated.
    ns: "conn-man:explorer"
[1755965197692] INFO  (ext): Connection explorer changed. Will be updated.
    ns: "conn-man:explorer"
[1755965219440] INFO  (ext): Connection explorer changed. Will be updated.
    ns: "conn-man:explorer"
[1755965224992] INFO  (ext): Connection explorer changed. Will be updated.
    ns: "conn-man:explorer"
[1755965230491] INFO  (ext): Connection explorer changed. Will be updated.
    ns: "conn-man:explorer"
[1755965230908] INFO  (ext): Connection explorer changed. Will be updated.
    ns: "conn-man:explorer"
[1755965234321] INFO  (ext): Connection explorer changed. Will be updated.
    ns: "conn-man:explorer"
[1755965234523] INFO  (ext): Connection explorer changed. Will be updated.
    ns: "conn-man:explorer"
[1755965240322] INFO  (ext): Connection explorer changed. Will be updated.
    ns: "conn-man:explorer"
